[2022-11-02 14:21:50+00:00] [Information] Now listening on: https://localhost:8001 
[2022-11-02 14:21:50+00:00] [Information] Now listening on: http://localhost:5200 
[2022-11-02 14:21:50+00:00] [Information] Application started. Press Ctrl+C to shut down. 
[2022-11-02 14:21:50+00:00] [Information] Hosting environment: Development 
[2022-11-02 14:21:50+00:00] [Information] Content root path: F:\HANET\Hanet01112022\Hannet\KioskManagement.Api\ 
[2022-11-02 14:24:12+00:00] [Information] Entity Framework Core 6.0.3 initialized 'AIOAcessContolDbContext' using provider 'Microsoft.EntityFrameworkCore.SqlServer:6.0.2' with options: using lazy loading proxies MigrationsAssembly=KioskManagement.Data.Migrations  
[2022-11-02 14:24:12+00:00] [Information] Run endpoint /api/kioskmanagement/appmenus/gettreeviewbyuser?userid={userId} GET 
[2022-11-02 14:24:12+00:00] [Information] Run endpoint /api/aioaccesscontrol/AZone/getlistpaging GET 
[2022-11-02 14:24:13+00:00] [Information] Executed DbCommand (50ms) [Parameters=[], CommandType='Text', CommandTimeout='0']
SELECT [a].[ZON_ID], [a].[PLACE_ID], [a].[ZON_DESCRIPTION], [a].[ZON_NAME], [a].[ZON_STATUS]
FROM [A_ZONE] AS [a] 
[2022-11-02 14:24:13+00:00] [Information] Executed DbCommand (104ms) [Parameters=[@userId='?' (Size = 36)], CommandType='Text', CommandTimeout='0']
dbo.GetMenuList @userId 
[2022-11-02 14:24:14+00:00] [Information] Executed DbCommand (5ms) [Parameters=[], CommandType='Text', CommandTimeout='0']
SELECT [a].[Description] AS [MenuName], [a].[ParentId], [a].[Id], [a].[Icon], [a].[Link], [a].[ActiveLink]
FROM [AppRoles] AS [a]
WHERE [a].[Discriminator] = N'AppRole'
ORDER BY [a].[Order_By] 
[2022-11-02 14:25:02+00:00] [Information] Entity Framework Core 6.0.3 initialized 'AIOAcessContolDbContext' using provider 'Microsoft.EntityFrameworkCore.SqlServer:6.0.2' with options: using lazy loading proxies MigrationsAssembly=KioskManagement.Data.Migrations  
[2022-11-02 14:25:02+00:00] [Information] Run endpoint /api/aioaccesscontrol/AZone/create POST 
[2022-11-02 14:26:54+00:00] [Information] Executed DbCommand (4ms) [Parameters=[@__aZone_ZonName_0='?' (Size = 200)], CommandType='Text', CommandTimeout='0']
SELECT COUNT(*)
FROM [A_ZONE] AS [a]
WHERE [a].[ZON_NAME] = @__aZone_ZonName_0 
[2022-11-02 14:26:54+00:00] [Information] Executed DbCommand (4ms) [Parameters=[@p0='?' (DbType = Int32), @p1='?' (Size = 200), @p2='?' (Size = 200), @p3='?' (DbType = Boolean)], CommandType='Text', CommandTimeout='0']
SET NOCOUNT ON;
INSERT INTO [A_ZONE] ([PLACE_ID], [ZON_DESCRIPTION], [ZON_NAME], [ZON_STATUS])
VALUES (@p0, @p1, @p2, @p3);
SELECT [ZON_ID]
FROM [A_ZONE]
WHERE @@ROWCOUNT = 1 AND [ZON_ID] = scope_identity(); 
[2022-11-02 14:26:55+00:00] [Information] Entity Framework Core 6.0.3 initialized 'AIOAcessContolDbContext' using provider 'Microsoft.EntityFrameworkCore.SqlServer:6.0.2' with options: using lazy loading proxies MigrationsAssembly=KioskManagement.Data.Migrations  
[2022-11-02 14:26:55+00:00] [Information] Run endpoint /api/aioaccesscontrol/AZone/getlistpaging GET 
[2022-11-02 14:26:55+00:00] [Information] Executed DbCommand (1ms) [Parameters=[], CommandType='Text', CommandTimeout='0']
SELECT [a].[ZON_ID], [a].[PLACE_ID], [a].[ZON_DESCRIPTION], [a].[ZON_NAME], [a].[ZON_STATUS]
FROM [A_ZONE] AS [a] 
[2022-11-02 14:59:43+00:00] [Information] Now listening on: https://localhost:8001 
[2022-11-02 14:59:43+00:00] [Information] Now listening on: http://localhost:5200 
[2022-11-02 14:59:43+00:00] [Information] Application started. Press Ctrl+C to shut down. 
[2022-11-02 14:59:43+00:00] [Information] Hosting environment: Development 
[2022-11-02 14:59:44+00:00] [Information] Content root path: F:\HANET\Hanet01112022\Hannet\KioskManagement.Api\ 
[2022-11-02 15:00:04+00:00] [Information] Entity Framework Core 6.0.3 initialized 'AIOAcessContolDbContext' using provider 'Microsoft.EntityFrameworkCore.SqlServer:6.0.2' with options: using lazy loading proxies MigrationsAssembly=KioskManagement.Data.Migrations  
[2022-11-02 15:00:04+00:00] [Information] Run endpoint /api/kioskmanagement/appmenus/gettreeviewbyuser?userid={userId} GET 
[2022-11-02 15:00:04+00:00] [Information] Run endpoint /api/aioaccesscontrol/AZone/getlistpaging GET 
[2022-11-02 15:00:05+00:00] [Information] Executed DbCommand (53ms) [Parameters=[], CommandType='Text', CommandTimeout='0']
SELECT [a].[ZON_ID], [a].[PLACE_ID], [a].[ZON_DESCRIPTION], [a].[ZON_NAME], [a].[ZON_STATUS]
FROM [A_ZONE] AS [a] 
[2022-11-02 15:00:05+00:00] [Information] Executed DbCommand (120ms) [Parameters=[@userId='?' (Size = 36)], CommandType='Text', CommandTimeout='0']
dbo.GetMenuList @userId 
[2022-11-02 15:00:06+00:00] [Information] Executed DbCommand (6ms) [Parameters=[], CommandType='Text', CommandTimeout='0']
SELECT [a].[Description] AS [MenuName], [a].[ParentId], [a].[Id], [a].[Icon], [a].[Link], [a].[ActiveLink]
FROM [AppRoles] AS [a]
WHERE [a].[Discriminator] = N'AppRole'
ORDER BY [a].[Order_By] 
[2022-11-02 15:00:41+00:00] [Information] Entity Framework Core 6.0.3 initialized 'AIOAcessContolDbContext' using provider 'Microsoft.EntityFrameworkCore.SqlServer:6.0.2' with options: using lazy loading proxies MigrationsAssembly=KioskManagement.Data.Migrations  
[2022-11-02 15:00:41+00:00] [Information] Run endpoint /api/aioaccesscontrol/AZone/create POST 
[2022-11-02 15:04:32+00:00] [Information] Now listening on: https://localhost:8001 
[2022-11-02 15:04:32+00:00] [Information] Now listening on: http://localhost:5200 
[2022-11-02 15:04:32+00:00] [Information] Application started. Press Ctrl+C to shut down. 
[2022-11-02 15:04:32+00:00] [Information] Hosting environment: Development 
[2022-11-02 15:04:32+00:00] [Information] Content root path: F:\HANET\Hanet01112022\Hannet\KioskManagement.Api\ 
[2022-11-02 15:05:41+00:00] [Information] Entity Framework Core 6.0.3 initialized 'AIOAcessContolDbContext' using provider 'Microsoft.EntityFrameworkCore.SqlServer:6.0.2' with options: using lazy loading proxies MigrationsAssembly=KioskManagement.Data.Migrations  
[2022-11-02 15:05:41+00:00] [Information] Run endpoint /api/aioaccesscontrol/AZone/getlistpaging GET 
[2022-11-02 15:05:41+00:00] [Information] Run endpoint /api/kioskmanagement/appmenus/gettreeviewbyuser?userid={userId} GET 
[2022-11-02 15:05:41+00:00] [Error] An unhandled exception has occurred while executing the request.    at Microsoft.AspNetCore.Server.Kestrel.Core.Internal.Http.HttpRequestStream.ReadAsyncInternal(Memory`1 destination, CancellationToken cancellationToken)
   at Microsoft.AspNetCore.WebUtilities.FileBufferingReadStream.ReadAsync(Memory`1 buffer, CancellationToken cancellationToken)
   at Microsoft.AspNetCore.WebUtilities.StreamHelperExtensions.DrainAsync(Stream stream, ArrayPool`1 bytePool, Nullable`1 limit, CancellationToken cancellationToken)
   at Microsoft.AspNetCore.Mvc.Formatters.NewtonsoftJsonInputFormatter.ReadRequestBodyAsync(InputFormatterContext context, Encoding encoding)
   at Microsoft.AspNetCore.Mvc.ModelBinding.Binders.BodyModelBinder.BindModelAsync(ModelBindingContext bindingContext)
   at Microsoft.AspNetCore.Mvc.ModelBinding.ParameterBinder.BindModelAsync(ActionContext actionContext, IModelBinder modelBinder, IValueProvider valueProvider, ParameterDescriptor parameter, ModelMetadata metadata, Object value, Object container)
   at Microsoft.AspNetCore.Mvc.Controllers.ControllerBinderDelegateProvider.<>c__DisplayClass0_0.<<CreateBinderDelegate>g__Bind|0>d.MoveNext()
--- End of stack trace from previous location ---
   at Microsoft.AspNetCore.Mvc.Infrastructure.ControllerActionInvoker.<InvokeInnerFilterAsync>g__Awaited|13_0(ControllerActionInvoker invoker, Task lastTask, State next, Scope scope, Object state, Boolean isCompleted)
   at Microsoft.AspNetCore.Mvc.Infrastructure.ResourceInvoker.<InvokeFilterPipelineAsync>g__Awaited|20_0(ResourceInvoker invoker, Task lastTask, State next, Scope scope, Object state, Boolean isCompleted)
   at Microsoft.AspNetCore.Mvc.Infrastructure.ResourceInvoker.<InvokeAsync>g__Awaited|17_0(ResourceInvoker invoker, Task task, IDisposable scope)
   at Microsoft.AspNetCore.Mvc.Infrastructure.ResourceInvoker.<InvokeAsync>g__Awaited|17_0(ResourceInvoker invoker, Task task, IDisposable scope)
   at Microsoft.AspNetCore.Routing.EndpointMiddleware.<Invoke>g__AwaitRequestTask|6_0(Endpoint endpoint, Task requestTask, ILogger logger)
   at Swashbuckle.AspNetCore.SwaggerUI.SwaggerUIMiddleware.Invoke(HttpContext httpContext)
   at Swashbuckle.AspNetCore.Swagger.SwaggerMiddleware.Invoke(HttpContext httpContext, ISwaggerProvider swaggerProvider)
   at Microsoft.AspNetCore.Authorization.Policy.AuthorizationMiddlewareResultHandler.HandleAsync(RequestDelegate next, HttpContext context, AuthorizationPolicy policy, PolicyAuthorizationResult authorizeResult)
   at Microsoft.AspNetCore.Authorization.AuthorizationMiddleware.Invoke(HttpContext context)
   at Microsoft.AspNetCore.Authentication.AuthenticationMiddleware.Invoke(HttpContext context)
   at Microsoft.AspNetCore.Authentication.AuthenticationMiddleware.Invoke(HttpContext context)
   at Swashbuckle.AspNetCore.SwaggerUI.SwaggerUIMiddleware.Invoke(HttpContext httpContext)
   at Swashbuckle.AspNetCore.Swagger.SwaggerMiddleware.Invoke(HttpContext httpContext, ISwaggerProvider swaggerProvider)
   at Microsoft.AspNetCore.Diagnostics.DeveloperExceptionPageMiddleware.Invoke(HttpContext context)
[2022-11-02 15:05:42+00:00] [Information] Executed DbCommand (66ms) [Parameters=[], CommandType='Text', CommandTimeout='0']
SELECT [a].[ZON_ID], [a].[PLACE_ID], [a].[ZON_DESCRIPTION], [a].[ZON_NAME], [a].[ZON_STATUS]
FROM [A_ZONE] AS [a] 
[2022-11-02 15:05:42+00:00] [Information] Executed DbCommand (100ms) [Parameters=[@userId='?' (Size = 36)], CommandType='Text', CommandTimeout='0']
dbo.GetMenuList @userId 
[2022-11-02 15:05:43+00:00] [Information] Executed DbCommand (12ms) [Parameters=[], CommandType='Text', CommandTimeout='0']
SELECT [a].[Description] AS [MenuName], [a].[ParentId], [a].[Id], [a].[Icon], [a].[Link], [a].[ActiveLink]
FROM [AppRoles] AS [a]
WHERE [a].[Discriminator] = N'AppRole'
ORDER BY [a].[Order_By] 
[2022-11-02 15:05:59+00:00] [Information] Entity Framework Core 6.0.3 initialized 'AIOAcessContolDbContext' using provider 'Microsoft.EntityFrameworkCore.SqlServer:6.0.2' with options: using lazy loading proxies MigrationsAssembly=KioskManagement.Data.Migrations  
[2022-11-02 15:05:59+00:00] [Information] Run endpoint /api/aioaccesscontrol/AZone/create POST 
[2022-11-02 15:06:22+00:00] [Information] Executed DbCommand (1ms) [Parameters=[@__aZone_ZonName_0='?' (Size = 200)], CommandType='Text', CommandTimeout='0']
SELECT COUNT(*)
FROM [A_ZONE] AS [a]
WHERE [a].[ZON_NAME] = @__aZone_ZonName_0 
[2022-11-02 15:06:23+00:00] [Information] Executed DbCommand (1ms) [Parameters=[@p0='?' (DbType = Int32), @p1='?' (Size = 200), @p2='?' (Size = 200), @p3='?' (DbType = Boolean)], CommandType='Text', CommandTimeout='0']
SET NOCOUNT ON;
INSERT INTO [A_ZONE] ([PLACE_ID], [ZON_DESCRIPTION], [ZON_NAME], [ZON_STATUS])
VALUES (@p0, @p1, @p2, @p3);
SELECT [ZON_ID]
FROM [A_ZONE]
WHERE @@ROWCOUNT = 1 AND [ZON_ID] = scope_identity(); 
[2022-11-02 15:06:23+00:00] [Information] Entity Framework Core 6.0.3 initialized 'AIOAcessContolDbContext' using provider 'Microsoft.EntityFrameworkCore.SqlServer:6.0.2' with options: using lazy loading proxies MigrationsAssembly=KioskManagement.Data.Migrations  
[2022-11-02 15:06:23+00:00] [Information] Run endpoint /api/aioaccesscontrol/AZone/getlistpaging GET 
[2022-11-02 15:06:23+00:00] [Information] Executed DbCommand (1ms) [Parameters=[], CommandType='Text', CommandTimeout='0']
SELECT [a].[ZON_ID], [a].[PLACE_ID], [a].[ZON_DESCRIPTION], [a].[ZON_NAME], [a].[ZON_STATUS]
FROM [A_ZONE] AS [a] 
[2022-11-02 15:33:15+00:00] [Information] Now listening on: https://localhost:8001 
[2022-11-02 15:33:15+00:00] [Information] Now listening on: http://localhost:5200 
[2022-11-02 15:33:15+00:00] [Information] Application started. Press Ctrl+C to shut down. 
[2022-11-02 15:33:15+00:00] [Information] Hosting environment: Development 
[2022-11-02 15:33:15+00:00] [Information] Content root path: F:\HANET\Hanet01112022\Hannet\KioskManagement.Api\ 
[2022-11-02 15:33:29+00:00] [Information] Entity Framework Core 6.0.3 initialized 'AIOAcessContolDbContext' using provider 'Microsoft.EntityFrameworkCore.SqlServer:6.0.2' with options: using lazy loading proxies MigrationsAssembly=KioskManagement.Data.Migrations  
[2022-11-02 15:33:29+00:00] [Information] Run endpoint /api/kioskmanagement/appmenus/gettreeviewbyuser?userid={userId} GET 
[2022-11-02 15:33:29+00:00] [Information] Run endpoint /api/aioaccesscontrol/AZone/getlistpaging GET 
[2022-11-02 15:33:30+00:00] [Information] Executed DbCommand (66ms) [Parameters=[], CommandType='Text', CommandTimeout='0']
SELECT [a].[ZON_ID], [a].[PLACE_ID], [a].[ZON_DESCRIPTION], [a].[ZON_NAME], [a].[ZON_STATUS]
FROM [A_ZONE] AS [a] 
[2022-11-02 15:33:30+00:00] [Information] Executed DbCommand (81ms) [Parameters=[@userId='?' (Size = 36)], CommandType='Text', CommandTimeout='0']
dbo.GetMenuList @userId 
[2022-11-02 15:33:30+00:00] [Information] Executed DbCommand (8ms) [Parameters=[], CommandType='Text', CommandTimeout='0']
SELECT [a].[Description] AS [MenuName], [a].[ParentId], [a].[Id], [a].[Icon], [a].[Link], [a].[ActiveLink]
FROM [AppRoles] AS [a]
WHERE [a].[Discriminator] = N'AppRole'
ORDER BY [a].[Order_By] 
[2022-11-02 15:34:07+00:00] [Information] Entity Framework Core 6.0.3 initialized 'AIOAcessContolDbContext' using provider 'Microsoft.EntityFrameworkCore.SqlServer:6.0.2' with options: using lazy loading proxies MigrationsAssembly=KioskManagement.Data.Migrations  
[2022-11-02 15:34:07+00:00] [Information] Run endpoint /api/aioaccesscontrol/AZone/deletemulti DELETE 
[2022-11-02 15:34:08+00:00] [Information] Executed DbCommand (3ms) [Parameters=[@__p_0='?' (DbType = Int32)], CommandType='Text', CommandTimeout='0']
SELECT TOP(1) [a].[ZON_ID], [a].[PLACE_ID], [a].[ZON_DESCRIPTION], [a].[ZON_NAME], [a].[ZON_STATUS]
FROM [A_ZONE] AS [a]
WHERE [a].[ZON_ID] = @__p_0 
[2022-11-02 15:34:08+00:00] [Error] Failed executing DbCommand (15ms) [Parameters=[@p0='?' (DbType = Int32)], CommandType='Text', CommandTimeout='0']
SET NOCOUNT ON;
DELETE FROM [A_ZONE]
WHERE [ZON_ID] = @p0;
SELECT @@ROWCOUNT; 
[2022-11-02 15:34:08+00:00] [Error] An exception occurred in the database while saving changes for context type 'KioskManagement.Data.AIOAcessContolDbContext'.
Microsoft.EntityFrameworkCore.DbUpdateException: An error occurred while saving the entity changes. See the inner exception for details.
 ---> Microsoft.Data.SqlClient.SqlException (0x80131904): The DELETE statement conflicted with the REFERENCE constraint "FK_T_DEVICE_ZONE". The conflict occurred in database "HANET_TEST", table "dbo.T_DEVICE", column 'ZON_ID'.
The statement has been terminated.
   at Microsoft.Data.SqlClient.SqlCommand.<>c.<ExecuteDbDataReaderAsync>b__188_0(Task`1 result)
   at System.Threading.Tasks.ContinuationResultTaskFromResultTask`2.InnerInvoke()
   at System.Threading.Tasks.Task.<>c.<.cctor>b__272_0(Object obj)
   at System.Threading.ExecutionContext.RunInternal(ExecutionContext executionContext, ContextCallback callback, Object state)
--- End of stack trace from previous location ---
   at System.Threading.ExecutionContext.RunInternal(ExecutionContext executionContext, ContextCallback callback, Object state)
   at System.Threading.Tasks.Task.ExecuteWithThreadLocal(Task& currentTaskSlot, Thread threadPoolThread)
--- End of stack trace from previous location ---
   at Microsoft.EntityFrameworkCore.Storage.RelationalCommand.ExecuteReaderAsync(RelationalCommandParameterObject parameterObject, CancellationToken cancellationToken)
   at Microsoft.EntityFrameworkCore.Storage.RelationalCommand.ExecuteReaderAsync(RelationalCommandParameterObject parameterObject, CancellationToken cancellationToken)
   at Microsoft.EntityFrameworkCore.Update.ReaderModificationCommandBatch.ExecuteAsync(IRelationalConnection connection, CancellationToken cancellationToken)
ClientConnectionId:66491e83-b3a6-4f56-9fbc-687c7077112c
Error Number:547,State:0,Class:16
   --- End of inner exception stack trace ---
   at Microsoft.EntityFrameworkCore.Update.ReaderModificationCommandBatch.ExecuteAsync(IRelationalConnection connection, CancellationToken cancellationToken)
   at Microsoft.EntityFrameworkCore.Update.Internal.BatchExecutor.ExecuteAsync(IEnumerable`1 commandBatches, IRelationalConnection connection, CancellationToken cancellationToken)
   at Microsoft.EntityFrameworkCore.Update.Internal.BatchExecutor.ExecuteAsync(IEnumerable`1 commandBatches, IRelationalConnection connection, CancellationToken cancellationToken)
   at Microsoft.EntityFrameworkCore.Update.Internal.BatchExecutor.ExecuteAsync(IEnumerable`1 commandBatches, IRelationalConnection connection, CancellationToken cancellationToken)
   at Microsoft.EntityFrameworkCore.ChangeTracking.Internal.StateManager.SaveChangesAsync(IList`1 entriesToSave, CancellationToken cancellationToken)
   at Microsoft.EntityFrameworkCore.ChangeTracking.Internal.StateManager.SaveChangesAsync(StateManager stateManager, Boolean acceptAllChangesOnSuccess, CancellationToken cancellationToken)
   at Microsoft.EntityFrameworkCore.SqlServer.Storage.Internal.SqlServerExecutionStrategy.ExecuteAsync[TState,TResult](TState state, Func`4 operation, Func`4 verifySucceeded, CancellationToken cancellationToken)
   at Microsoft.EntityFrameworkCore.DbContext.SaveChangesAsync(Boolean acceptAllChangesOnSuccess, CancellationToken cancellationToken)    at Microsoft.EntityFrameworkCore.Update.ReaderModificationCommandBatch.ExecuteAsync(IRelationalConnection connection, CancellationToken cancellationToken)
   at Microsoft.EntityFrameworkCore.Update.Internal.BatchExecutor.ExecuteAsync(IEnumerable`1 commandBatches, IRelationalConnection connection, CancellationToken cancellationToken)
   at Microsoft.EntityFrameworkCore.Update.Internal.BatchExecutor.ExecuteAsync(IEnumerable`1 commandBatches, IRelationalConnection connection, CancellationToken cancellationToken)
   at Microsoft.EntityFrameworkCore.Update.Internal.BatchExecutor.ExecuteAsync(IEnumerable`1 commandBatches, IRelationalConnection connection, CancellationToken cancellationToken)
   at Microsoft.EntityFrameworkCore.ChangeTracking.Internal.StateManager.SaveChangesAsync(IList`1 entriesToSave, CancellationToken cancellationToken)
   at Microsoft.EntityFrameworkCore.ChangeTracking.Internal.StateManager.SaveChangesAsync(StateManager stateManager, Boolean acceptAllChangesOnSuccess, CancellationToken cancellationToken)
   at Microsoft.EntityFrameworkCore.SqlServer.Storage.Internal.SqlServerExecutionStrategy.ExecuteAsync[TState,TResult](TState state, Func`4 operation, Func`4 verifySucceeded, CancellationToken cancellationToken)
   at Microsoft.EntityFrameworkCore.DbContext.SaveChangesAsync(Boolean acceptAllChangesOnSuccess, CancellationToken cancellationToken)
[2022-11-02 15:34:08+00:00] [Information] Entity Framework Core 6.0.3 initialized 'AIOAcessContolDbContext' using provider 'Microsoft.EntityFrameworkCore.SqlServer:6.0.2' with options: using lazy loading proxies MigrationsAssembly=KioskManagement.Data.Migrations  
[2022-11-02 15:34:08+00:00] [Information] Run endpoint /api/aioaccesscontrol/AZone/getlistpaging GET 
[2022-11-02 15:34:08+00:00] [Information] Executed DbCommand (1ms) [Parameters=[], CommandType='Text', CommandTimeout='0']
SELECT [a].[ZON_ID], [a].[PLACE_ID], [a].[ZON_DESCRIPTION], [a].[ZON_NAME], [a].[ZON_STATUS]
FROM [A_ZONE] AS [a] 
[2022-11-02 15:34:16+00:00] [Information] Entity Framework Core 6.0.3 initialized 'AIOAcessContolDbContext' using provider 'Microsoft.EntityFrameworkCore.SqlServer:6.0.2' with options: using lazy loading proxies MigrationsAssembly=KioskManagement.Data.Migrations  
[2022-11-02 15:34:16+00:00] [Information] Run endpoint /api/kioskmanagement/appmenus/gettreeviewbyuser?userid={userId} GET 
[2022-11-02 15:34:16+00:00] [Information] Executed DbCommand (2ms) [Parameters=[@userId='?' (Size = 36)], CommandType='Text', CommandTimeout='0']
dbo.GetMenuList @userId 
[2022-11-02 15:34:16+00:00] [Information] Executed DbCommand (2ms) [Parameters=[], CommandType='Text', CommandTimeout='0']
SELECT [a].[Description] AS [MenuName], [a].[ParentId], [a].[Id], [a].[Icon], [a].[Link], [a].[ActiveLink]
FROM [AppRoles] AS [a]
WHERE [a].[Discriminator] = N'AppRole'
ORDER BY [a].[Order_By] 
[2022-11-02 15:34:16+00:00] [Information] Entity Framework Core 6.0.3 initialized 'AIOAcessContolDbContext' using provider 'Microsoft.EntityFrameworkCore.SqlServer:6.0.2' with options: using lazy loading proxies MigrationsAssembly=KioskManagement.Data.Migrations  
[2022-11-02 15:34:16+00:00] [Information] Run endpoint /api/aioaccesscontrol/AZone/getlistpaging GET 
[2022-11-02 15:34:16+00:00] [Information] Executed DbCommand (6ms) [Parameters=[], CommandType='Text', CommandTimeout='0']
SELECT [a].[ZON_ID], [a].[PLACE_ID], [a].[ZON_DESCRIPTION], [a].[ZON_NAME], [a].[ZON_STATUS]
FROM [A_ZONE] AS [a] 
[2022-11-02 15:35:14+00:00] [Information] Now listening on: https://localhost:8001 
[2022-11-02 15:35:14+00:00] [Information] Now listening on: http://localhost:5200 
[2022-11-02 15:35:14+00:00] [Information] Application started. Press Ctrl+C to shut down. 
[2022-11-02 15:35:14+00:00] [Information] Hosting environment: Development 
[2022-11-02 15:35:14+00:00] [Information] Content root path: F:\HANET\Hanet01112022\Hannet\KioskManagement.Api\ 
[2022-11-02 15:35:25+00:00] [Information] Entity Framework Core 6.0.3 initialized 'AIOAcessContolDbContext' using provider 'Microsoft.EntityFrameworkCore.SqlServer:6.0.2' with options: using lazy loading proxies MigrationsAssembly=KioskManagement.Data.Migrations  
[2022-11-02 15:35:25+00:00] [Information] Entity Framework Core 6.0.3 initialized 'AIOAcessContolDbContext' using provider 'Microsoft.EntityFrameworkCore.SqlServer:6.0.2' with options: using lazy loading proxies MigrationsAssembly=KioskManagement.Data.Migrations  
[2022-11-02 15:35:25+00:00] [Information] Run endpoint /api/kioskmanagement/appmenus/gettreeviewbyuser?userid={userId} GET 
[2022-11-02 15:35:25+00:00] [Information] Run endpoint /api/aioaccesscontrol/AZone/getlistpaging GET 
[2022-11-02 15:35:26+00:00] [Information] Executed DbCommand (76ms) [Parameters=[], CommandType='Text', CommandTimeout='0']
SELECT [a].[ZON_ID], [a].[PLACE_ID], [a].[ZON_DESCRIPTION], [a].[ZON_NAME], [a].[ZON_STATUS]
FROM [A_ZONE] AS [a] 
[2022-11-02 15:35:26+00:00] [Information] Executed DbCommand (97ms) [Parameters=[@userId='?' (Size = 36)], CommandType='Text', CommandTimeout='0']
dbo.GetMenuList @userId 
[2022-11-02 15:35:27+00:00] [Information] Executed DbCommand (6ms) [Parameters=[], CommandType='Text', CommandTimeout='0']
SELECT [a].[Description] AS [MenuName], [a].[ParentId], [a].[Id], [a].[Icon], [a].[Link], [a].[ActiveLink]
FROM [AppRoles] AS [a]
WHERE [a].[Discriminator] = N'AppRole'
ORDER BY [a].[Order_By] 
[2022-11-02 15:35:52+00:00] [Information] Entity Framework Core 6.0.3 initialized 'AIOAcessContolDbContext' using provider 'Microsoft.EntityFrameworkCore.SqlServer:6.0.2' with options: using lazy loading proxies MigrationsAssembly=KioskManagement.Data.Migrations  
[2022-11-02 15:35:52+00:00] [Information] Run endpoint /api/aioaccesscontrol/AZone/deletemulti DELETE 
[2022-11-02 15:36:06+00:00] [Information] Executed DbCommand (2ms) [Parameters=[@__p_0='?' (DbType = Int32)], CommandType='Text', CommandTimeout='0']
SELECT TOP(1) [a].[ZON_ID], [a].[PLACE_ID], [a].[ZON_DESCRIPTION], [a].[ZON_NAME], [a].[ZON_STATUS]
FROM [A_ZONE] AS [a]
WHERE [a].[ZON_ID] = @__p_0 
[2022-11-02 15:36:06+00:00] [Information] Executed DbCommand (1ms) [Parameters=[@p0='?' (DbType = Int32)], CommandType='Text', CommandTimeout='0']
SET NOCOUNT ON;
DELETE FROM [A_ZONE]
WHERE [ZON_ID] = @p0;
SELECT @@ROWCOUNT; 
[2022-11-02 15:36:06+00:00] [Information] Entity Framework Core 6.0.3 initialized 'AIOAcessContolDbContext' using provider 'Microsoft.EntityFrameworkCore.SqlServer:6.0.2' with options: using lazy loading proxies MigrationsAssembly=KioskManagement.Data.Migrations  
[2022-11-02 15:36:06+00:00] [Information] Run endpoint /api/aioaccesscontrol/AZone/getlistpaging GET 
[2022-11-02 15:36:06+00:00] [Information] Executed DbCommand (1ms) [Parameters=[], CommandType='Text', CommandTimeout='0']
SELECT [a].[ZON_ID], [a].[PLACE_ID], [a].[ZON_DESCRIPTION], [a].[ZON_NAME], [a].[ZON_STATUS]
FROM [A_ZONE] AS [a] 
[2022-11-02 15:37:59+00:00] [Information] Entity Framework Core 6.0.3 initialized 'AIOAcessContolDbContext' using provider 'Microsoft.EntityFrameworkCore.SqlServer:6.0.2' with options: using lazy loading proxies MigrationsAssembly=KioskManagement.Data.Migrations  
[2022-11-02 15:37:59+00:00] [Information] Run endpoint /api/aioaccesscontrol/AZone/create POST 
[2022-11-02 15:38:01+00:00] [Information] Executed DbCommand (1ms) [Parameters=[@__aZone_ZonName_0='?' (Size = 200)], CommandType='Text', CommandTimeout='0']
SELECT COUNT(*)
FROM [A_ZONE] AS [a]
WHERE [a].[ZON_NAME] = @__aZone_ZonName_0 
[2022-11-02 15:38:01+00:00] [Information] Executed DbCommand (1ms) [Parameters=[@p0='?' (DbType = Int32), @p1='?' (Size = 200), @p2='?' (Size = 200), @p3='?' (DbType = Boolean)], CommandType='Text', CommandTimeout='0']
SET NOCOUNT ON;
INSERT INTO [A_ZONE] ([PLACE_ID], [ZON_DESCRIPTION], [ZON_NAME], [ZON_STATUS])
VALUES (@p0, @p1, @p2, @p3);
SELECT [ZON_ID]
FROM [A_ZONE]
WHERE @@ROWCOUNT = 1 AND [ZON_ID] = scope_identity(); 
[2022-11-02 15:38:01+00:00] [Information] Entity Framework Core 6.0.3 initialized 'AIOAcessContolDbContext' using provider 'Microsoft.EntityFrameworkCore.SqlServer:6.0.2' with options: using lazy loading proxies MigrationsAssembly=KioskManagement.Data.Migrations  
[2022-11-02 15:38:01+00:00] [Information] Run endpoint /api/aioaccesscontrol/AZone/getlistpaging GET 
[2022-11-02 15:38:01+00:00] [Information] Executed DbCommand (2ms) [Parameters=[], CommandType='Text', CommandTimeout='0']
SELECT [a].[ZON_ID], [a].[PLACE_ID], [a].[ZON_DESCRIPTION], [a].[ZON_NAME], [a].[ZON_STATUS]
FROM [A_ZONE] AS [a] 
[2022-11-02 15:38:10+00:00] [Information] Entity Framework Core 6.0.3 initialized 'AIOAcessContolDbContext' using provider 'Microsoft.EntityFrameworkCore.SqlServer:6.0.2' with options: using lazy loading proxies MigrationsAssembly=KioskManagement.Data.Migrations  
[2022-11-02 15:38:10+00:00] [Information] Run endpoint /api/aioaccesscontrol/AZone/deletemulti DELETE 
[2022-11-02 15:39:33+00:00] [Information] Now listening on: https://localhost:8001 
[2022-11-02 15:39:33+00:00] [Information] Now listening on: http://localhost:5200 
[2022-11-02 15:39:33+00:00] [Information] Application started. Press Ctrl+C to shut down. 
[2022-11-02 15:39:33+00:00] [Information] Hosting environment: Development 
[2022-11-02 15:39:33+00:00] [Information] Content root path: F:\HANET\Hanet01112022\Hannet\KioskManagement.Api\ 
[2022-11-02 15:39:42+00:00] [Information] Entity Framework Core 6.0.3 initialized 'AIOAcessContolDbContext' using provider 'Microsoft.EntityFrameworkCore.SqlServer:6.0.2' with options: using lazy loading proxies MigrationsAssembly=KioskManagement.Data.Migrations  
[2022-11-02 15:39:42+00:00] [Information] Run endpoint /api/aioaccesscontrol/AZone/getlistpaging GET 
[2022-11-02 15:39:42+00:00] [Information] Run endpoint /api/kioskmanagement/appmenus/gettreeviewbyuser?userid={userId} GET 
[2022-11-02 15:39:43+00:00] [Information] Executed DbCommand (59ms) [Parameters=[], CommandType='Text', CommandTimeout='0']
SELECT [a].[ZON_ID], [a].[PLACE_ID], [a].[ZON_DESCRIPTION], [a].[ZON_NAME], [a].[ZON_STATUS]
FROM [A_ZONE] AS [a] 
[2022-11-02 15:39:43+00:00] [Information] Executed DbCommand (84ms) [Parameters=[@userId='?' (Size = 36)], CommandType='Text', CommandTimeout='0']
dbo.GetMenuList @userId 
[2022-11-02 15:39:43+00:00] [Information] Executed DbCommand (7ms) [Parameters=[], CommandType='Text', CommandTimeout='0']
SELECT [a].[Description] AS [MenuName], [a].[ParentId], [a].[Id], [a].[Icon], [a].[Link], [a].[ActiveLink]
FROM [AppRoles] AS [a]
WHERE [a].[Discriminator] = N'AppRole'
ORDER BY [a].[Order_By] 
[2022-11-02 15:39:55+00:00] [Information] Entity Framework Core 6.0.3 initialized 'AIOAcessContolDbContext' using provider 'Microsoft.EntityFrameworkCore.SqlServer:6.0.2' with options: using lazy loading proxies MigrationsAssembly=KioskManagement.Data.Migrations  
[2022-11-02 15:39:55+00:00] [Information] Run endpoint /api/aioaccesscontrol/AZone/deletemulti DELETE 
[2022-11-02 15:41:40+00:00] [Information] Executed DbCommand (2ms) [Parameters=[@__p_0='?' (DbType = Int32)], CommandType='Text', CommandTimeout='0']
SELECT TOP(1) [a].[ZON_ID], [a].[PLACE_ID], [a].[ZON_DESCRIPTION], [a].[ZON_NAME], [a].[ZON_STATUS]
FROM [A_ZONE] AS [a]
WHERE [a].[ZON_ID] = @__p_0 
[2022-11-02 15:41:40+00:00] [Information] Executed DbCommand (1ms) [Parameters=[@p0='?' (DbType = Int32)], CommandType='Text', CommandTimeout='0']
SET NOCOUNT ON;
DELETE FROM [A_ZONE]
WHERE [ZON_ID] = @p0;
SELECT @@ROWCOUNT; 
[2022-11-02 15:41:41+00:00] [Information] Entity Framework Core 6.0.3 initialized 'AIOAcessContolDbContext' using provider 'Microsoft.EntityFrameworkCore.SqlServer:6.0.2' with options: using lazy loading proxies MigrationsAssembly=KioskManagement.Data.Migrations  
[2022-11-02 15:41:41+00:00] [Information] Run endpoint /api/aioaccesscontrol/AZone/getlistpaging GET 
[2022-11-02 15:41:41+00:00] [Information] Executed DbCommand (4ms) [Parameters=[], CommandType='Text', CommandTimeout='0']
SELECT [a].[ZON_ID], [a].[PLACE_ID], [a].[ZON_DESCRIPTION], [a].[ZON_NAME], [a].[ZON_STATUS]
FROM [A_ZONE] AS [a] 
[2022-11-02 15:42:46+00:00] [Information] Entity Framework Core 6.0.3 initialized 'AIOAcessContolDbContext' using provider 'Microsoft.EntityFrameworkCore.SqlServer:6.0.2' with options: using lazy loading proxies MigrationsAssembly=KioskManagement.Data.Migrations  
[2022-11-02 15:42:47+00:00] [Information] Run endpoint /api/aioaccesscontrol/AZone/create POST 
[2022-11-02 15:42:50+00:00] [Information] Executed DbCommand (1ms) [Parameters=[@__aZone_ZonName_0='?' (Size = 200)], CommandType='Text', CommandTimeout='0']
SELECT COUNT(*)
FROM [A_ZONE] AS [a]
WHERE [a].[ZON_NAME] = @__aZone_ZonName_0 
[2022-11-02 15:42:50+00:00] [Information] Executed DbCommand (1ms) [Parameters=[@p0='?' (DbType = Int32), @p1='?' (Size = 200), @p2='?' (Size = 200), @p3='?' (DbType = Boolean)], CommandType='Text', CommandTimeout='0']
SET NOCOUNT ON;
INSERT INTO [A_ZONE] ([PLACE_ID], [ZON_DESCRIPTION], [ZON_NAME], [ZON_STATUS])
VALUES (@p0, @p1, @p2, @p3);
SELECT [ZON_ID]
FROM [A_ZONE]
WHERE @@ROWCOUNT = 1 AND [ZON_ID] = scope_identity(); 
[2022-11-02 15:42:50+00:00] [Information] Entity Framework Core 6.0.3 initialized 'AIOAcessContolDbContext' using provider 'Microsoft.EntityFrameworkCore.SqlServer:6.0.2' with options: using lazy loading proxies MigrationsAssembly=KioskManagement.Data.Migrations  
[2022-11-02 15:42:50+00:00] [Information] Run endpoint /api/aioaccesscontrol/AZone/getlistpaging GET 
[2022-11-02 15:42:50+00:00] [Information] Executed DbCommand (1ms) [Parameters=[], CommandType='Text', CommandTimeout='0']
SELECT [a].[ZON_ID], [a].[PLACE_ID], [a].[ZON_DESCRIPTION], [a].[ZON_NAME], [a].[ZON_STATUS]
FROM [A_ZONE] AS [a] 
[2022-11-02 15:49:19+00:00] [Information] Entity Framework Core 6.0.3 initialized 'AIOAcessContolDbContext' using provider 'Microsoft.EntityFrameworkCore.SqlServer:6.0.2' with options: using lazy loading proxies MigrationsAssembly=KioskManagement.Data.Migrations  
[2022-11-02 15:49:19+00:00] [Information] Run endpoint /api/kioskmanagement/appmenus/gettreeviewbyuser?userid={userId} GET 
[2022-11-02 15:49:19+00:00] [Information] Entity Framework Core 6.0.3 initialized 'AIOAcessContolDbContext' using provider 'Microsoft.EntityFrameworkCore.SqlServer:6.0.2' with options: using lazy loading proxies MigrationsAssembly=KioskManagement.Data.Migrations  
[2022-11-02 15:49:19+00:00] [Information] Run endpoint /api/aioaccesscontrol/AZone/getlistpaging GET 
[2022-11-02 15:49:19+00:00] [Information] Executed DbCommand (2ms) [Parameters=[@userId='?' (Size = 36)], CommandType='Text', CommandTimeout='0']
dbo.GetMenuList @userId 
[2022-11-02 15:49:19+00:00] [Information] Executed DbCommand (1ms) [Parameters=[], CommandType='Text', CommandTimeout='0']
SELECT [a].[ZON_ID], [a].[PLACE_ID], [a].[ZON_DESCRIPTION], [a].[ZON_NAME], [a].[ZON_STATUS]
FROM [A_ZONE] AS [a] 
[2022-11-02 15:49:19+00:00] [Information] Executed DbCommand (29ms) [Parameters=[], CommandType='Text', CommandTimeout='0']
SELECT [a].[Description] AS [MenuName], [a].[ParentId], [a].[Id], [a].[Icon], [a].[Link], [a].[ActiveLink]
FROM [AppRoles] AS [a]
WHERE [a].[Discriminator] = N'AppRole'
ORDER BY [a].[Order_By] 
[2022-11-02 15:49:30+00:00] [Information] Entity Framework Core 6.0.3 initialized 'AIOAcessContolDbContext' using provider 'Microsoft.EntityFrameworkCore.SqlServer:6.0.2' with options: using lazy loading proxies MigrationsAssembly=KioskManagement.Data.Migrations  
[2022-11-02 15:49:30+00:00] [Information] Run endpoint /api/aioaccesscontrol/AZone/deletemulti DELETE 
[2022-11-02 15:51:59+00:00] [Information] Now listening on: https://localhost:8001 
[2022-11-02 15:51:59+00:00] [Information] Now listening on: http://localhost:5200 
[2022-11-02 15:51:59+00:00] [Information] Application started. Press Ctrl+C to shut down. 
[2022-11-02 15:51:59+00:00] [Information] Hosting environment: Development 
[2022-11-02 15:51:59+00:00] [Information] Content root path: F:\HANET\Hanet01112022\Hannet\KioskManagement.Api\ 
[2022-11-02 15:52:19+00:00] [Information] Entity Framework Core 6.0.3 initialized 'AIOAcessContolDbContext' using provider 'Microsoft.EntityFrameworkCore.SqlServer:6.0.2' with options: using lazy loading proxies MigrationsAssembly=KioskManagement.Data.Migrations  
[2022-11-02 15:52:19+00:00] [Information] Run endpoint /api/kioskmanagement/appmenus/gettreeviewbyuser?userid={userId} GET 
[2022-11-02 15:52:19+00:00] [Information] Run endpoint /api/aioaccesscontrol/AZone/getlistpaging GET 
[2022-11-02 15:52:20+00:00] [Information] Executed DbCommand (55ms) [Parameters=[], CommandType='Text', CommandTimeout='0']
SELECT [a].[ZON_ID], [a].[PLACE_ID], [a].[ZON_DESCRIPTION], [a].[ZON_NAME], [a].[ZON_STATUS]
FROM [A_ZONE] AS [a] 
[2022-11-02 15:52:20+00:00] [Information] Executed DbCommand (9ms) [Parameters=[], CommandType='Text', CommandTimeout='0']
SELECT [a].[Description] AS [MenuName], [a].[ParentId], [a].[Id], [a].[Icon], [a].[Link], [a].[ActiveLink]
FROM [AppRoles] AS [a]
WHERE [a].[Discriminator] = N'AppRole'
ORDER BY [a].[Order_By] 
[2022-11-02 15:52:24+00:00] [Information] Entity Framework Core 6.0.3 initialized 'AIOAcessContolDbContext' using provider 'Microsoft.EntityFrameworkCore.SqlServer:6.0.2' with options: using lazy loading proxies MigrationsAssembly=KioskManagement.Data.Migrations  
[2022-11-02 15:52:24+00:00] [Information] Run endpoint /api/aioaccesscontrol/AZone/deletemulti DELETE 
[2022-11-02 15:52:38+00:00] [Information] Executed DbCommand (1ms) [Parameters=[@__p_0='?' (DbType = Int32)], CommandType='Text', CommandTimeout='0']
SELECT TOP(1) [a].[ZON_ID], [a].[PLACE_ID], [a].[ZON_DESCRIPTION], [a].[ZON_NAME], [a].[ZON_STATUS]
FROM [A_ZONE] AS [a]
WHERE [a].[ZON_ID] = @__p_0 
[2022-11-02 15:52:38+00:00] [Information] Executed DbCommand (1ms) [Parameters=[@p0='?' (DbType = Int32)], CommandType='Text', CommandTimeout='0']
SET NOCOUNT ON;
DELETE FROM [A_ZONE]
WHERE [ZON_ID] = @p0;
SELECT @@ROWCOUNT; 
[2022-11-02 15:52:38+00:00] [Information] Entity Framework Core 6.0.3 initialized 'AIOAcessContolDbContext' using provider 'Microsoft.EntityFrameworkCore.SqlServer:6.0.2' with options: using lazy loading proxies MigrationsAssembly=KioskManagement.Data.Migrations  
[2022-11-02 15:52:38+00:00] [Information] Run endpoint /api/aioaccesscontrol/AZone/getlistpaging GET 
[2022-11-02 15:52:38+00:00] [Information] Executed DbCommand (1ms) [Parameters=[], CommandType='Text', CommandTimeout='0']
SELECT [a].[ZON_ID], [a].[PLACE_ID], [a].[ZON_DESCRIPTION], [a].[ZON_NAME], [a].[ZON_STATUS]
FROM [A_ZONE] AS [a] 
[2022-11-02 15:53:48+00:00] [Information] Entity Framework Core 6.0.3 initialized 'AIOAcessContolDbContext' using provider 'Microsoft.EntityFrameworkCore.SqlServer:6.0.2' with options: using lazy loading proxies MigrationsAssembly=KioskManagement.Data.Migrations  
[2022-11-02 15:53:48+00:00] [Information] Run endpoint /api/aioaccesscontrol/AZone/create POST 
[2022-11-02 15:53:57+00:00] [Information] Executed DbCommand (1ms) [Parameters=[@__aZone_ZonName_0='?' (Size = 200)], CommandType='Text', CommandTimeout='0']
SELECT COUNT(*)
FROM [A_ZONE] AS [a]
WHERE [a].[ZON_NAME] = @__aZone_ZonName_0 
[2022-11-02 15:53:57+00:00] [Information] Executed DbCommand (1ms) [Parameters=[@p0='?' (DbType = Int32), @p1='?' (Size = 200), @p2='?' (Size = 200), @p3='?' (DbType = Boolean)], CommandType='Text', CommandTimeout='0']
SET NOCOUNT ON;
INSERT INTO [A_ZONE] ([PLACE_ID], [ZON_DESCRIPTION], [ZON_NAME], [ZON_STATUS])
VALUES (@p0, @p1, @p2, @p3);
SELECT [ZON_ID]
FROM [A_ZONE]
WHERE @@ROWCOUNT = 1 AND [ZON_ID] = scope_identity(); 
[2022-11-02 15:53:57+00:00] [Information] Entity Framework Core 6.0.3 initialized 'AIOAcessContolDbContext' using provider 'Microsoft.EntityFrameworkCore.SqlServer:6.0.2' with options: using lazy loading proxies MigrationsAssembly=KioskManagement.Data.Migrations  
[2022-11-02 15:53:57+00:00] [Information] Run endpoint /api/aioaccesscontrol/AZone/getlistpaging GET 
[2022-11-02 15:53:57+00:00] [Information] Executed DbCommand (1ms) [Parameters=[], CommandType='Text', CommandTimeout='0']
SELECT [a].[ZON_ID], [a].[PLACE_ID], [a].[ZON_DESCRIPTION], [a].[ZON_NAME], [a].[ZON_STATUS]
FROM [A_ZONE] AS [a] 
[2022-11-02 15:54:07+00:00] [Information] Entity Framework Core 6.0.3 initialized 'AIOAcessContolDbContext' using provider 'Microsoft.EntityFrameworkCore.SqlServer:6.0.2' with options: using lazy loading proxies MigrationsAssembly=KioskManagement.Data.Migrations  
[2022-11-02 15:54:07+00:00] [Information] Run endpoint /api/aioaccesscontrol/AZone/deletemulti DELETE 
[2022-11-02 15:55:33+00:00] [Information] Executed DbCommand (4ms) [Parameters=[@__p_0='?' (DbType = Int32)], CommandType='Text', CommandTimeout='0']
SELECT TOP(1) [a].[ZON_ID], [a].[PLACE_ID], [a].[ZON_DESCRIPTION], [a].[ZON_NAME], [a].[ZON_STATUS]
FROM [A_ZONE] AS [a]
WHERE [a].[ZON_ID] = @__p_0 
[2022-11-02 15:55:33+00:00] [Information] Executed DbCommand (2ms) [Parameters=[@p0='?' (DbType = Int32)], CommandType='Text', CommandTimeout='0']
SET NOCOUNT ON;
DELETE FROM [A_ZONE]
WHERE [ZON_ID] = @p0;
SELECT @@ROWCOUNT; 
[2022-11-02 15:55:33+00:00] [Information] Entity Framework Core 6.0.3 initialized 'AIOAcessContolDbContext' using provider 'Microsoft.EntityFrameworkCore.SqlServer:6.0.2' with options: using lazy loading proxies MigrationsAssembly=KioskManagement.Data.Migrations  
[2022-11-02 15:55:33+00:00] [Information] Run endpoint /api/aioaccesscontrol/AZone/getlistpaging GET 
[2022-11-02 15:55:33+00:00] [Information] Executed DbCommand (3ms) [Parameters=[], CommandType='Text', CommandTimeout='0']
SELECT [a].[ZON_ID], [a].[PLACE_ID], [a].[ZON_DESCRIPTION], [a].[ZON_NAME], [a].[ZON_STATUS]
FROM [A_ZONE] AS [a] 
[2022-11-02 15:55:51+00:00] [Information] Entity Framework Core 6.0.3 initialized 'AIOAcessContolDbContext' using provider 'Microsoft.EntityFrameworkCore.SqlServer:6.0.2' with options: using lazy loading proxies MigrationsAssembly=KioskManagement.Data.Migrations  
[2022-11-02 15:55:51+00:00] [Information] Run endpoint /api/aioaccesscontrol/AZone/create POST 
[2022-11-02 15:55:57+00:00] [Information] Executed DbCommand (1ms) [Parameters=[@__aZone_ZonName_0='?' (Size = 200)], CommandType='Text', CommandTimeout='0']
SELECT COUNT(*)
FROM [A_ZONE] AS [a]
WHERE [a].[ZON_NAME] = @__aZone_ZonName_0 
[2022-11-02 15:55:57+00:00] [Information] Executed DbCommand (1ms) [Parameters=[@p0='?' (DbType = Int32), @p1='?' (Size = 200), @p2='?' (Size = 200), @p3='?' (DbType = Boolean)], CommandType='Text', CommandTimeout='0']
SET NOCOUNT ON;
INSERT INTO [A_ZONE] ([PLACE_ID], [ZON_DESCRIPTION], [ZON_NAME], [ZON_STATUS])
VALUES (@p0, @p1, @p2, @p3);
SELECT [ZON_ID]
FROM [A_ZONE]
WHERE @@ROWCOUNT = 1 AND [ZON_ID] = scope_identity(); 
[2022-11-02 15:55:57+00:00] [Information] Entity Framework Core 6.0.3 initialized 'AIOAcessContolDbContext' using provider 'Microsoft.EntityFrameworkCore.SqlServer:6.0.2' with options: using lazy loading proxies MigrationsAssembly=KioskManagement.Data.Migrations  
[2022-11-02 15:55:57+00:00] [Information] Run endpoint /api/aioaccesscontrol/AZone/getlistpaging GET 
[2022-11-02 15:55:57+00:00] [Information] Executed DbCommand (1ms) [Parameters=[], CommandType='Text', CommandTimeout='0']
SELECT [a].[ZON_ID], [a].[PLACE_ID], [a].[ZON_DESCRIPTION], [a].[ZON_NAME], [a].[ZON_STATUS]
FROM [A_ZONE] AS [a] 
[2022-11-02 15:56:04+00:00] [Information] Entity Framework Core 6.0.3 initialized 'AIOAcessContolDbContext' using provider 'Microsoft.EntityFrameworkCore.SqlServer:6.0.2' with options: using lazy loading proxies MigrationsAssembly=KioskManagement.Data.Migrations  
[2022-11-02 15:56:04+00:00] [Information] Run endpoint /api/aioaccesscontrol/AZone/deletemulti DELETE 
[2022-11-02 15:56:13+00:00] [Information] Executed DbCommand (1ms) [Parameters=[@__p_0='?' (DbType = Int32)], CommandType='Text', CommandTimeout='0']
SELECT TOP(1) [a].[ZON_ID], [a].[PLACE_ID], [a].[ZON_DESCRIPTION], [a].[ZON_NAME], [a].[ZON_STATUS]
FROM [A_ZONE] AS [a]
WHERE [a].[ZON_ID] = @__p_0 
[2022-11-02 15:56:13+00:00] [Information] Executed DbCommand (1ms) [Parameters=[@p0='?' (DbType = Int32)], CommandType='Text', CommandTimeout='0']
SET NOCOUNT ON;
DELETE FROM [A_ZONE]
WHERE [ZON_ID] = @p0;
SELECT @@ROWCOUNT; 
[2022-11-02 15:56:13+00:00] [Information] Entity Framework Core 6.0.3 initialized 'AIOAcessContolDbContext' using provider 'Microsoft.EntityFrameworkCore.SqlServer:6.0.2' with options: using lazy loading proxies MigrationsAssembly=KioskManagement.Data.Migrations  
[2022-11-02 15:56:13+00:00] [Information] Run endpoint /api/aioaccesscontrol/AZone/getlistpaging GET 
[2022-11-02 15:56:13+00:00] [Information] Executed DbCommand (3ms) [Parameters=[], CommandType='Text', CommandTimeout='0']
SELECT [a].[ZON_ID], [a].[PLACE_ID], [a].[ZON_DESCRIPTION], [a].[ZON_NAME], [a].[ZON_STATUS]
FROM [A_ZONE] AS [a] 
