[2022-11-01 15:03:19+00:00] [Information] Now listening on: https://localhost:8001 
[2022-11-01 15:03:19+00:00] [Information] Now listening on: http://localhost:5200 
[2022-11-01 15:03:19+00:00] [Information] Application started. Press Ctrl+C to shut down. 
[2022-11-01 15:03:19+00:00] [Information] Hosting environment: Development 
[2022-11-01 15:03:19+00:00] [Information] Content root path: F:\HANET\Hanet01112022\Hannet\KioskManagement.Api\ 
[2022-11-01 15:04:08+00:00] [Information] Entity Framework Core 6.0.3 initialized 'AIOAcessContolDbContext' using provider 'Microsoft.EntityFrameworkCore.SqlServer:6.0.2' with options: using lazy loading proxies MigrationsAssembly=KioskManagement.Data.Migrations  
[2022-11-01 15:04:08+00:00] [Information] Run endpoint /api/kioskmanagement/accounts/login POST 
[2022-11-01 15:04:10+00:00] [Information] Executed DbCommand (123ms) [Parameters=[@__normalizedUserName_0='?' (Size = 4000)], CommandType='Text', CommandTimeout='0']
SELECT TOP(1) [a].[Id], [a].[AccessFailedCount], [a].[ConcurrencyStamp], [a].[Discriminator], [a].[Email], [a].[EmailConfirmed], [a].[LockoutEnabled], [a].[LockoutEnd], [a].[NormalizedEmail], [a].[NormalizedUserName], [a].[PasswordHash], [a].[PhoneNumber], [a].[PhoneNumberConfirmed], [a].[SecurityStamp], [a].[TwoFactorEnabled], [a].[UserName], [a].[CreatedBy], [a].[CreatedDate], [a].[DeletedBy], [a].[DeletedDate], [a].[EM_ID], [a].[FullName], [a].[Image], [a].[IsDeleted], [a].[Status], [a].[UpdatedBy], [a].[UpdatedDate]
FROM [AppUsers] AS [a]
WHERE ([a].[Discriminator] = N'AppUser') AND ([a].[NormalizedUserName] = @__normalizedUserName_0) 
[2022-11-01 15:04:10+00:00] [Information] Executed DbCommand (44ms) [Parameters=[@__userId_0='?' (Size = 450)], CommandType='Text', CommandTimeout='0']
SELECT [t].[Name]
FROM [AppUserRoles] AS [a]
INNER JOIN (
    SELECT [a0].[Id], [a0].[Name]
    FROM [AppRoles] AS [a0]
    WHERE [a0].[Discriminator] = N'AppRole'
) AS [t] ON [a].[RoleId] = [t].[Id]
WHERE [a].[UserId] = @__userId_0 
[2022-11-01 15:04:11+00:00] [Information] Entity Framework Core 6.0.3 initialized 'AIOAcessContolDbContext' using provider 'Microsoft.EntityFrameworkCore.SqlServer:6.0.2' with options: using lazy loading proxies MigrationsAssembly=KioskManagement.Data.Migrations  
[2022-11-01 15:04:11+00:00] [Information] Run endpoint /api/kioskmanagement/approles/getuserroleid/userId?={userId} GET 
[2022-11-01 15:04:11+00:00] [Information] Executed DbCommand (14ms) [Parameters=[@__userId_0='?' (Size = 450)], CommandType='Text', CommandTimeout='0']
SELECT [a].[Name]
FROM [AppRoles] AS [a]
LEFT JOIN [AppRoleGroups] AS [a0] ON [a].[Id] = [a0].[RoleId]
LEFT JOIN [AppGroups] AS [a1] ON [a0].[GroupId] = [a1].[Id]
LEFT JOIN [AppUserGroups] AS [a2] ON [a1].[Id] = [a2].[GroupId]
LEFT JOIN (
    SELECT [a3].[Id]
    FROM [AppUsers] AS [a3]
    WHERE [a3].[Discriminator] = N'AppUser'
) AS [t] ON [a2].[UserId] = [t].[Id]
WHERE ([a].[Discriminator] = N'AppRole') AND ([t].[Id] = @__userId_0) 
[2022-11-01 15:04:11+00:00] [Information] Entity Framework Core 6.0.3 initialized 'AIOAcessContolDbContext' using provider 'Microsoft.EntityFrameworkCore.SqlServer:6.0.2' with options: using lazy loading proxies MigrationsAssembly=KioskManagement.Data.Migrations  
[2022-11-01 15:04:11+00:00] [Information] Run endpoint /api/kioskmanagement/appmenus/gettreeviewbyuser?userid={userId} GET 
[2022-11-01 15:04:11+00:00] [Information] Executed DbCommand (50ms) [Parameters=[@userId='?' (Size = 36)], CommandType='Text', CommandTimeout='0']
dbo.GetMenuList @userId 
[2022-11-01 15:04:11+00:00] [Information] Executed DbCommand (6ms) [Parameters=[], CommandType='Text', CommandTimeout='0']
SELECT [a].[Description] AS [MenuName], [a].[ParentId], [a].[Id], [a].[Icon], [a].[Link], [a].[ActiveLink]
FROM [AppRoles] AS [a]
WHERE [a].[Discriminator] = N'AppRole'
ORDER BY [a].[Order_By] 
[2022-11-01 15:04:26+00:00] [Information] Entity Framework Core 6.0.3 initialized 'AIOAcessContolDbContext' using provider 'Microsoft.EntityFrameworkCore.SqlServer:6.0.2' with options: using lazy loading proxies MigrationsAssembly=KioskManagement.Data.Migrations  
[2022-11-01 15:04:26+00:00] [Information] Entity Framework Core 6.0.3 initialized 'AIOAcessContolDbContext' using provider 'Microsoft.EntityFrameworkCore.SqlServer:6.0.2' with options: using lazy loading proxies MigrationsAssembly=KioskManagement.Data.Migrations  
[2022-11-01 15:04:26+00:00] [Information] Run endpoint /api/aioaccesscontrol/TDevice/getlistpaging GET 
[2022-11-01 15:04:26+00:00] [Information] Run endpoint /api/aioaccesscontrol/AZone/getall GET 
[2022-11-01 15:04:26+00:00] [Information] Entity Framework Core 6.0.3 initialized 'AIOAcessContolDbContext' using provider 'Microsoft.EntityFrameworkCore.SqlServer:6.0.2' with options: using lazy loading proxies MigrationsAssembly=KioskManagement.Data.Migrations  
[2022-11-01 15:04:26+00:00] [Information] Run endpoint /api/aioaccesscontrol/TDeviceType/getall GET 
[2022-11-01 15:04:26+00:00] [Information] Executed DbCommand (25ms) [Parameters=[], CommandType='Text', CommandTimeout='0']
SELECT [a].[ZON_ID], [a].[ZON_DESCRIPTION], [a].[ZON_NAME], [a].[ZON_STATUS]
FROM [A_ZONE] AS [a]
WHERE [a].[ZON_STATUS] = CAST(1 AS bit) 
[2022-11-01 15:04:26+00:00] [Information] Executed DbCommand (4ms) [Parameters=[], CommandType='Text', CommandTimeout='0']
SELECT [t].[DEV_TYPE_ID], [t].[DEV_TYPE_CODE], [t].[DEV_TYPE_NAME]
FROM [T_DEVICE_TYPE] AS [t] 
[2022-11-01 15:04:26+00:00] [Information] Executed DbCommand (15ms) [Parameters=[], CommandType='Text', CommandTimeout='0']
SELECT [t].[DEV_ID] AS [DevId], [t0].[DEV_TYPE_ID] AS [DevTypeId], [a].[ZON_ID] AS [ZonId], [t].[DEV_NAME] AS [DevName], [t].[DEV_IP] AS [DevIp], [t].[DEV_PORT] AS [DevPort], [t].[DEV_CODE] AS [DevCode], [t].[DEV_SERIALNUMBER] AS [DevSerialnumber], [t].[DEV_PARTNUMBER] AS [DevPartnumber], [t].[DEV_MACADDRESS] AS [DevMacaddress], [t].[DEV_TIME_CHECK] AS [DevTimeCheck], [t].[DEV_STATUS] AS [DevStatus], [t].[DEV_LANE_CHECK] AS [DevLaneCheck], [a].[ZON_NAME] AS [ZonName], [t0].[DEV_TYPE_NAME] AS [DevTypeName]
FROM [T_DEVICE] AS [t]
INNER JOIN [T_DEVICE_TYPE] AS [t0] ON [t].[DEV_TYPE_ID] = [t0].[DEV_TYPE_ID]
INNER JOIN [A_ZONE] AS [a] ON [t].[ZON_ID] = [a].[ZON_ID] 
[2022-11-01 15:06:02+00:00] [Information] Entity Framework Core 6.0.3 initialized 'AIOAcessContolDbContext' using provider 'Microsoft.EntityFrameworkCore.SqlServer:6.0.2' with options: using lazy loading proxies MigrationsAssembly=KioskManagement.Data.Migrations  
[2022-11-01 15:06:02+00:00] [Information] Run endpoint /api/aioaccesscontrol/AZone/getlistpaging GET 
[2022-11-01 15:06:02+00:00] [Information] Executed DbCommand (3ms) [Parameters=[], CommandType='Text', CommandTimeout='0']
SELECT [a].[ZON_ID], [a].[ZON_DESCRIPTION], [a].[ZON_NAME], [a].[ZON_STATUS]
FROM [A_ZONE] AS [a] 
[2022-11-01 15:13:20+00:00] [Information] Entity Framework Core 6.0.3 initialized 'AIOAcessContolDbContext' using provider 'Microsoft.EntityFrameworkCore.SqlServer:6.0.2' with options: using lazy loading proxies MigrationsAssembly=KioskManagement.Data.Migrations  
[2022-11-01 15:13:20+00:00] [Information] Run endpoint /api/aioaccesscontrol/Sync/GetEmployeeEditStatus GET 
[2022-11-01 15:13:20+00:00] [Information] Entity Framework Core 6.0.3 initialized 'AIOAcessContolDbContext' using provider 'Microsoft.EntityFrameworkCore.SqlServer:6.0.2' with options: using lazy loading proxies MigrationsAssembly=KioskManagement.Data.Migrations  
[2022-11-01 15:13:20+00:00] [Information] Run endpoint /api/aioaccesscontrol/TDevice/getdeviceunv GET 
[2022-11-01 15:13:20+00:00] [Information] Executed DbCommand (8ms) [Parameters=[], CommandType='Text', CommandTimeout='0']
SELECT [t].[DEV_ID], [t].[DEV_CODE], [t].[DEV_IP], [t].[DEV_LANE_CHECK], [t].[DEV_MACADDRESS], [t].[DEV_NAME], [t].[DEV_PARTNUMBER], [t].[DEV_PORT], [t].[DEV_SERIALNUMBER], [t].[DEV_STATUS], [t].[DEV_TIME_CHECK], [t].[DEV_TYPE_ID], [t].[ZON_ID]
FROM [T_DEVICE] AS [t]
INNER JOIN [T_DEVICE_TYPE] AS [t0] ON [t].[DEV_TYPE_ID] = [t0].[DEV_TYPE_ID]
WHERE ([t].[DEV_STATUS] = CAST(1 AS bit)) AND ([t0].[DEV_TYPE_CODE] = 'UNV') 
[2022-11-01 15:13:20+00:00] [Information] Executed DbCommand (8ms) [Parameters=[], CommandType='Text', CommandTimeout='0']
SELECT [t].[EM_ID] AS [EmId], [t].[EM_NAME] AS [EmName], [t].[EM_CODE] AS [EmCode], [t1].[DEP_NAME] AS [DepName], [t2].[REG_NAME] AS [RegName], [t0].[GA_NAME] AS [GaName]
FROM [T_EMPLOYEE] AS [t]
INNER JOIN [T_GROUP_ACCESS] AS [t0] ON [t].[GA_ID] = [t0].[GA_ID]
LEFT JOIN [T_DEPARTMENT] AS [t1] ON [t].[DEP_ID] = [t1].[DEP_ID]
LEFT JOIN [T_REGENCY] AS [t2] ON [t].[REG_ID] = [t2].[REG_ID]
WHERE [t].[EDIT_STATUS] = CAST(1 AS bit) 
[2022-11-01 15:13:26+00:00] [Information] Entity Framework Core 6.0.3 initialized 'AIOAcessContolDbContext' using provider 'Microsoft.EntityFrameworkCore.SqlServer:6.0.2' with options: using lazy loading proxies MigrationsAssembly=KioskManagement.Data.Migrations  
[2022-11-01 15:13:26+00:00] [Information] Run endpoint /api/aioaccesscontrol/TDevice/getdeviceunv GET 
[2022-11-01 15:13:26+00:00] [Information] Executed DbCommand (2ms) [Parameters=[], CommandType='Text', CommandTimeout='0']
SELECT [t].[DEV_ID], [t].[DEV_CODE], [t].[DEV_IP], [t].[DEV_LANE_CHECK], [t].[DEV_MACADDRESS], [t].[DEV_NAME], [t].[DEV_PARTNUMBER], [t].[DEV_PORT], [t].[DEV_SERIALNUMBER], [t].[DEV_STATUS], [t].[DEV_TIME_CHECK], [t].[DEV_TYPE_ID], [t].[ZON_ID]
FROM [T_DEVICE] AS [t]
INNER JOIN [T_DEVICE_TYPE] AS [t0] ON [t].[DEV_TYPE_ID] = [t0].[DEV_TYPE_ID]
WHERE ([t].[DEV_STATUS] = CAST(1 AS bit)) AND ([t0].[DEV_TYPE_CODE] = 'UNV') 
[2022-11-01 15:57:33+00:00] [Information] Now listening on: https://localhost:8001 
[2022-11-01 15:57:33+00:00] [Information] Now listening on: http://localhost:5200 
[2022-11-01 15:57:33+00:00] [Information] Application started. Press Ctrl+C to shut down. 
[2022-11-01 15:57:33+00:00] [Information] Hosting environment: Development 
[2022-11-01 15:57:33+00:00] [Information] Content root path: F:\HANET\Hanet01112022\Hannet\KioskManagement.Api\ 
[2022-11-01 15:57:53+00:00] [Information] Entity Framework Core 6.0.3 initialized 'AIOAcessContolDbContext' using provider 'Microsoft.EntityFrameworkCore.SqlServer:6.0.2' with options: using lazy loading proxies MigrationsAssembly=KioskManagement.Data.Migrations  
[2022-11-01 15:57:54+00:00] [Information] Run endpoint /api/kioskmanagement/accounts/login POST 
[2022-11-01 15:57:55+00:00] [Information] Executed DbCommand (144ms) [Parameters=[@__normalizedUserName_0='?' (Size = 4000)], CommandType='Text', CommandTimeout='0']
SELECT TOP(1) [a].[Id], [a].[AccessFailedCount], [a].[ConcurrencyStamp], [a].[Discriminator], [a].[Email], [a].[EmailConfirmed], [a].[LockoutEnabled], [a].[LockoutEnd], [a].[NormalizedEmail], [a].[NormalizedUserName], [a].[PasswordHash], [a].[PhoneNumber], [a].[PhoneNumberConfirmed], [a].[SecurityStamp], [a].[TwoFactorEnabled], [a].[UserName], [a].[CreatedBy], [a].[CreatedDate], [a].[DeletedBy], [a].[DeletedDate], [a].[EM_ID], [a].[FullName], [a].[Image], [a].[IsDeleted], [a].[Status], [a].[UpdatedBy], [a].[UpdatedDate]
FROM [AppUsers] AS [a]
WHERE ([a].[Discriminator] = N'AppUser') AND ([a].[NormalizedUserName] = @__normalizedUserName_0) 
[2022-11-01 15:57:56+00:00] [Information] Executed DbCommand (8ms) [Parameters=[@__userId_0='?' (Size = 450)], CommandType='Text', CommandTimeout='0']
SELECT [t].[Name]
FROM [AppUserRoles] AS [a]
INNER JOIN (
    SELECT [a0].[Id], [a0].[Name]
    FROM [AppRoles] AS [a0]
    WHERE [a0].[Discriminator] = N'AppRole'
) AS [t] ON [a].[RoleId] = [t].[Id]
WHERE [a].[UserId] = @__userId_0 
[2022-11-01 15:57:57+00:00] [Information] Entity Framework Core 6.0.3 initialized 'AIOAcessContolDbContext' using provider 'Microsoft.EntityFrameworkCore.SqlServer:6.0.2' with options: using lazy loading proxies MigrationsAssembly=KioskManagement.Data.Migrations  
[2022-11-01 15:57:57+00:00] [Information] Entity Framework Core 6.0.3 initialized 'AIOAcessContolDbContext' using provider 'Microsoft.EntityFrameworkCore.SqlServer:6.0.2' with options: using lazy loading proxies MigrationsAssembly=KioskManagement.Data.Migrations  
[2022-11-01 15:57:57+00:00] [Information] Run endpoint /api/kioskmanagement/approles/getuserroleid/userId?={userId} GET 
[2022-11-01 15:57:57+00:00] [Information] Run endpoint /api/kioskmanagement/appmenus/gettreeviewbyuser?userid={userId} GET 
[2022-11-01 15:57:57+00:00] [Information] Executed DbCommand (12ms) [Parameters=[@userId='?' (Size = 36)], CommandType='Text', CommandTimeout='0']
dbo.GetMenuList @userId 
[2022-11-01 15:57:57+00:00] [Information] Executed DbCommand (8ms) [Parameters=[@__userId_0='?' (Size = 450)], CommandType='Text', CommandTimeout='0']
SELECT [a].[Name]
FROM [AppRoles] AS [a]
LEFT JOIN [AppRoleGroups] AS [a0] ON [a].[Id] = [a0].[RoleId]
LEFT JOIN [AppGroups] AS [a1] ON [a0].[GroupId] = [a1].[Id]
LEFT JOIN [AppUserGroups] AS [a2] ON [a1].[Id] = [a2].[GroupId]
LEFT JOIN (
    SELECT [a3].[Id]
    FROM [AppUsers] AS [a3]
    WHERE [a3].[Discriminator] = N'AppUser'
) AS [t] ON [a2].[UserId] = [t].[Id]
WHERE ([a].[Discriminator] = N'AppRole') AND ([t].[Id] = @__userId_0) 
[2022-11-01 15:57:57+00:00] [Information] Executed DbCommand (33ms) [Parameters=[], CommandType='Text', CommandTimeout='0']
SELECT [a].[Description] AS [MenuName], [a].[ParentId], [a].[Id], [a].[Icon], [a].[Link], [a].[ActiveLink]
FROM [AppRoles] AS [a]
WHERE [a].[Discriminator] = N'AppRole'
ORDER BY [a].[Order_By] 
[2022-11-01 15:58:16+00:00] [Information] Entity Framework Core 6.0.3 initialized 'AIOAcessContolDbContext' using provider 'Microsoft.EntityFrameworkCore.SqlServer:6.0.2' with options: using lazy loading proxies MigrationsAssembly=KioskManagement.Data.Migrations  
[2022-11-01 15:58:16+00:00] [Information] Entity Framework Core 6.0.3 initialized 'AIOAcessContolDbContext' using provider 'Microsoft.EntityFrameworkCore.SqlServer:6.0.2' with options: using lazy loading proxies MigrationsAssembly=KioskManagement.Data.Migrations  
[2022-11-01 15:58:16+00:00] [Information] Entity Framework Core 6.0.3 initialized 'AIOAcessContolDbContext' using provider 'Microsoft.EntityFrameworkCore.SqlServer:6.0.2' with options: using lazy loading proxies MigrationsAssembly=KioskManagement.Data.Migrations  
[2022-11-01 15:58:16+00:00] [Information] Run endpoint /api/aioaccesscontrol/TDeviceType/getall GET 
[2022-11-01 15:58:16+00:00] [Information] Run endpoint /api/aioaccesscontrol/TDevice/getlistpaging GET 
[2022-11-01 15:58:16+00:00] [Information] Run endpoint /api/aioaccesscontrol/AZone/getall GET 
[2022-11-01 15:58:16+00:00] [Information] Executed DbCommand (4ms) [Parameters=[], CommandType='Text', CommandTimeout='0']
SELECT [t].[DEV_TYPE_ID], [t].[DEV_TYPE_CODE], [t].[DEV_TYPE_NAME]
FROM [T_DEVICE_TYPE] AS [t] 
[2022-11-01 15:58:16+00:00] [Information] Executed DbCommand (14ms) [Parameters=[], CommandType='Text', CommandTimeout='0']
SELECT [a].[ZON_ID], [a].[ZON_DESCRIPTION], [a].[ZON_NAME], [a].[ZON_STATUS]
FROM [A_ZONE] AS [a]
WHERE [a].[ZON_STATUS] = CAST(1 AS bit) 
[2022-11-01 15:58:16+00:00] [Information] Executed DbCommand (11ms) [Parameters=[], CommandType='Text', CommandTimeout='0']
SELECT [t].[DEV_ID] AS [DevId], [t0].[DEV_TYPE_ID] AS [DevTypeId], [a].[ZON_ID] AS [ZonId], [t].[DEV_NAME] AS [DevName], [t].[DEV_IP] AS [DevIp], [t].[DEV_PORT] AS [DevPort], [t].[DEV_CODE] AS [DevCode], [t].[DEV_SERIALNUMBER] AS [DevSerialnumber], [t].[DEV_PARTNUMBER] AS [DevPartnumber], [t].[DEV_MACADDRESS] AS [DevMacaddress], [t].[DEV_TIME_CHECK] AS [DevTimeCheck], [t].[DEV_STATUS] AS [DevStatus], [t].[DEV_LANE_CHECK] AS [DevLaneCheck], [a].[ZON_NAME] AS [ZonName], [t0].[DEV_TYPE_NAME] AS [DevTypeName]
FROM [T_DEVICE] AS [t]
INNER JOIN [T_DEVICE_TYPE] AS [t0] ON [t].[DEV_TYPE_ID] = [t0].[DEV_TYPE_ID]
INNER JOIN [A_ZONE] AS [a] ON [t].[ZON_ID] = [a].[ZON_ID] 
[2022-11-01 15:59:20+00:00] [Information] Entity Framework Core 6.0.3 initialized 'AIOAcessContolDbContext' using provider 'Microsoft.EntityFrameworkCore.SqlServer:6.0.2' with options: using lazy loading proxies MigrationsAssembly=KioskManagement.Data.Migrations  
[2022-11-01 15:59:20+00:00] [Information] Run endpoint /api/aioaccesscontrol/Sync/GetEmployeeEditStatus GET 
[2022-11-01 15:59:20+00:00] [Information] Run endpoint /api/aioaccesscontrol/TDevice/getdeviceunv GET 
[2022-11-01 15:59:20+00:00] [Information] Executed DbCommand (8ms) [Parameters=[], CommandType='Text', CommandTimeout='0']
SELECT [t].[DEV_ID], [t].[DEV_CODE], [t].[DEV_IP], [t].[DEV_LANE_CHECK], [t].[DEV_MACADDRESS], [t].[DEV_NAME], [t].[DEV_PARTNUMBER], [t].[DEV_PORT], [t].[DEV_SERIALNUMBER], [t].[DEV_STATUS], [t].[DEV_TIME_CHECK], [t].[DEV_TYPE_ID], [t].[ZON_ID]
FROM [T_DEVICE] AS [t]
INNER JOIN [T_DEVICE_TYPE] AS [t0] ON [t].[DEV_TYPE_ID] = [t0].[DEV_TYPE_ID]
WHERE ([t].[DEV_STATUS] = CAST(1 AS bit)) AND ([t0].[DEV_TYPE_CODE] = 'UNV') 
[2022-11-01 15:59:20+00:00] [Information] Executed DbCommand (1ms) [Parameters=[], CommandType='Text', CommandTimeout='0']
SELECT [t].[EM_ID] AS [EmId], [t].[EM_NAME] AS [EmName], [t].[EM_CODE] AS [EmCode], [t1].[DEP_NAME] AS [DepName], [t2].[REG_NAME] AS [RegName], [t0].[GA_NAME] AS [GaName]
FROM [T_EMPLOYEE] AS [t]
INNER JOIN [T_GROUP_ACCESS] AS [t0] ON [t].[GA_ID] = [t0].[GA_ID]
LEFT JOIN [T_DEPARTMENT] AS [t1] ON [t].[DEP_ID] = [t1].[DEP_ID]
LEFT JOIN [T_REGENCY] AS [t2] ON [t].[REG_ID] = [t2].[REG_ID]
WHERE [t].[EDIT_STATUS] = CAST(1 AS bit) 
[2022-11-01 15:59:21+00:00] [Information] Entity Framework Core 6.0.3 initialized 'AIOAcessContolDbContext' using provider 'Microsoft.EntityFrameworkCore.SqlServer:6.0.2' with options: using lazy loading proxies MigrationsAssembly=KioskManagement.Data.Migrations  
[2022-11-01 15:59:21+00:00] [Information] Run endpoint /api/aioaccesscontrol/TDevice/getdeviceunv GET 
[2022-11-01 15:59:21+00:00] [Information] Executed DbCommand (1ms) [Parameters=[], CommandType='Text', CommandTimeout='0']
SELECT [t].[DEV_ID], [t].[DEV_CODE], [t].[DEV_IP], [t].[DEV_LANE_CHECK], [t].[DEV_MACADDRESS], [t].[DEV_NAME], [t].[DEV_PARTNUMBER], [t].[DEV_PORT], [t].[DEV_SERIALNUMBER], [t].[DEV_STATUS], [t].[DEV_TIME_CHECK], [t].[DEV_TYPE_ID], [t].[ZON_ID]
FROM [T_DEVICE] AS [t]
INNER JOIN [T_DEVICE_TYPE] AS [t0] ON [t].[DEV_TYPE_ID] = [t0].[DEV_TYPE_ID]
WHERE ([t].[DEV_STATUS] = CAST(1 AS bit)) AND ([t0].[DEV_TYPE_CODE] = 'UNV') 
[2022-11-01 15:59:54+00:00] [Information] Entity Framework Core 6.0.3 initialized 'AIOAcessContolDbContext' using provider 'Microsoft.EntityFrameworkCore.SqlServer:6.0.2' with options: using lazy loading proxies MigrationsAssembly=KioskManagement.Data.Migrations  
[2022-11-01 15:59:54+00:00] [Information] Run endpoint /api/aioaccesscontrol/AZone/getlistpaging GET 
[2022-11-01 15:59:54+00:00] [Information] Executed DbCommand (1ms) [Parameters=[], CommandType='Text', CommandTimeout='0']
SELECT [a].[ZON_ID], [a].[ZON_DESCRIPTION], [a].[ZON_NAME], [a].[ZON_STATUS]
FROM [A_ZONE] AS [a] 
[2022-11-01 15:59:56+00:00] [Information] Entity Framework Core 6.0.3 initialized 'AIOAcessContolDbContext' using provider 'Microsoft.EntityFrameworkCore.SqlServer:6.0.2' with options: using lazy loading proxies MigrationsAssembly=KioskManagement.Data.Migrations  
[2022-11-01 15:59:56+00:00] [Information] Run endpoint /api/aioaccesscontrol/TDeviceType/getlistpaging GET 
[2022-11-01 15:59:56+00:00] [Information] Executed DbCommand (1ms) [Parameters=[], CommandType='Text', CommandTimeout='0']
SELECT [t].[DEV_TYPE_ID], [t].[DEV_TYPE_CODE], [t].[DEV_TYPE_NAME]
FROM [T_DEVICE_TYPE] AS [t] 
[2022-11-01 15:59:59+00:00] [Information] Entity Framework Core 6.0.3 initialized 'AIOAcessContolDbContext' using provider 'Microsoft.EntityFrameworkCore.SqlServer:6.0.2' with options: using lazy loading proxies MigrationsAssembly=KioskManagement.Data.Migrations  
[2022-11-01 15:59:59+00:00] [Information] Entity Framework Core 6.0.3 initialized 'AIOAcessContolDbContext' using provider 'Microsoft.EntityFrameworkCore.SqlServer:6.0.2' with options: using lazy loading proxies MigrationsAssembly=KioskManagement.Data.Migrations  
[2022-11-01 15:59:59+00:00] [Information] Run endpoint /api/aioaccesscontrol/TGroupAccess/getlistpaging GET 
[2022-11-01 15:59:59+00:00] [Information] Run endpoint /api/aioaccesscontrol/TGroupAccessDetail/gettreeazonetdevice GET 
[2022-11-01 15:59:59+00:00] [Information] Executed DbCommand (14ms) [Parameters=[], CommandType='Text', CommandTimeout='0']
SELECT [t].[GA_ID], [t].[GA_NAME], [t].[GA_STATUS]
FROM [T_GROUP_ACCESS] AS [t] 
[2022-11-01 15:59:59+00:00] [Information] Executed DbCommand (2ms) [Parameters=[], CommandType='Text', CommandTimeout='0']
SELECT [a].[ZON_ID], [a].[ZON_NAME], [t0].[Id], [t0].[Name]
FROM [A_ZONE] AS [a]
LEFT JOIN (
    SELECT [t].[DEV_ID] AS [Id], (((N'( ' + COALESCE([t].[DEV_NAME], N'')) + N' - [ ') + COALESCE([t].[DEV_IP], N'')) + N' ] )' AS [Name], [t].[ZON_ID]
    FROM [T_DEVICE] AS [t]
    WHERE [t].[DEV_STATUS] = CAST(1 AS bit)
) AS [t0] ON [a].[ZON_ID] = [t0].[ZON_ID]
ORDER BY [a].[ZON_ID] 
[2022-11-01 16:00:04+00:00] [Information] Entity Framework Core 6.0.3 initialized 'AIOAcessContolDbContext' using provider 'Microsoft.EntityFrameworkCore.SqlServer:6.0.2' with options: using lazy loading proxies MigrationsAssembly=KioskManagement.Data.Migrations  
[2022-11-01 16:00:34+00:00] [Information] Entity Framework Core 6.0.3 initialized 'AIOAcessContolDbContext' using provider 'Microsoft.EntityFrameworkCore.SqlServer:6.0.2' with options: using lazy loading proxies MigrationsAssembly=KioskManagement.Data.Migrations  
[2022-11-01 16:00:34+00:00] [Information] Entity Framework Core 6.0.3 initialized 'AIOAcessContolDbContext' using provider 'Microsoft.EntityFrameworkCore.SqlServer:6.0.2' with options: using lazy loading proxies MigrationsAssembly=KioskManagement.Data.Migrations  
[2022-11-01 16:00:34+00:00] [Information] Run endpoint /api/aioaccesscontrol/AZone/getall GET 
[2022-11-01 16:00:34+00:00] [Information] Run endpoint /api/aioaccesscontrol/TDevice/getlistpaging GET 
[2022-11-01 16:00:34+00:00] [Information] Run endpoint /api/aioaccesscontrol/TDeviceType/getall GET 
[2022-11-01 16:00:36+00:00] [Information] Executed DbCommand (7ms) [Parameters=[], CommandType='Text', CommandTimeout='0']
SELECT [a].[ZON_ID], [a].[ZON_DESCRIPTION], [a].[ZON_NAME], [a].[ZON_STATUS]
FROM [A_ZONE] AS [a]
WHERE [a].[ZON_STATUS] = CAST(1 AS bit) 
[2022-11-01 16:00:36+00:00] [Information] Executed DbCommand (5ms) [Parameters=[], CommandType='Text', CommandTimeout='0']
SELECT [t].[DEV_TYPE_ID], [t].[DEV_TYPE_CODE], [t].[DEV_TYPE_NAME]
FROM [T_DEVICE_TYPE] AS [t] 
[2022-11-01 16:00:36+00:00] [Information] Executed DbCommand (3ms) [Parameters=[], CommandType='Text', CommandTimeout='0']
SELECT [t].[DEV_ID] AS [DevId], [t0].[DEV_TYPE_ID] AS [DevTypeId], [a].[ZON_ID] AS [ZonId], [t].[DEV_NAME] AS [DevName], [t].[DEV_IP] AS [DevIp], [t].[DEV_PORT] AS [DevPort], [t].[DEV_CODE] AS [DevCode], [t].[DEV_SERIALNUMBER] AS [DevSerialnumber], [t].[DEV_PARTNUMBER] AS [DevPartnumber], [t].[DEV_MACADDRESS] AS [DevMacaddress], [t].[DEV_TIME_CHECK] AS [DevTimeCheck], [t].[DEV_STATUS] AS [DevStatus], [t].[DEV_LANE_CHECK] AS [DevLaneCheck], [a].[ZON_NAME] AS [ZonName], [t0].[DEV_TYPE_NAME] AS [DevTypeName]
FROM [T_DEVICE] AS [t]
INNER JOIN [T_DEVICE_TYPE] AS [t0] ON [t].[DEV_TYPE_ID] = [t0].[DEV_TYPE_ID]
INNER JOIN [A_ZONE] AS [a] ON [t].[ZON_ID] = [a].[ZON_ID] 
[2022-11-01 16:04:43+00:00] [Information] Now listening on: https://localhost:8001 
[2022-11-01 16:04:44+00:00] [Information] Now listening on: http://localhost:5200 
[2022-11-01 16:04:44+00:00] [Information] Application started. Press Ctrl+C to shut down. 
[2022-11-01 16:04:44+00:00] [Information] Hosting environment: Development 
[2022-11-01 16:04:44+00:00] [Information] Content root path: F:\HANET\Hanet01112022\Hannet\KioskManagement.Api\ 
[2022-11-01 16:05:22+00:00] [Information] Entity Framework Core 6.0.3 initialized 'AIOAcessContolDbContext' using provider 'Microsoft.EntityFrameworkCore.SqlServer:6.0.2' with options: using lazy loading proxies MigrationsAssembly=KioskManagement.Data.Migrations  
[2022-11-01 16:05:22+00:00] [Information] Run endpoint /api/kioskmanagement/accounts/login POST 
[2022-11-01 16:05:24+00:00] [Information] Executed DbCommand (157ms) [Parameters=[@__normalizedUserName_0='?' (Size = 4000)], CommandType='Text', CommandTimeout='0']
SELECT TOP(1) [a].[Id], [a].[AccessFailedCount], [a].[ConcurrencyStamp], [a].[Discriminator], [a].[Email], [a].[EmailConfirmed], [a].[LockoutEnabled], [a].[LockoutEnd], [a].[NormalizedEmail], [a].[NormalizedUserName], [a].[PasswordHash], [a].[PhoneNumber], [a].[PhoneNumberConfirmed], [a].[SecurityStamp], [a].[TwoFactorEnabled], [a].[UserName], [a].[CreatedBy], [a].[CreatedDate], [a].[DeletedBy], [a].[DeletedDate], [a].[EM_ID], [a].[FullName], [a].[Image], [a].[IsDeleted], [a].[Status], [a].[UpdatedBy], [a].[UpdatedDate]
FROM [AppUsers] AS [a]
WHERE ([a].[Discriminator] = N'AppUser') AND ([a].[NormalizedUserName] = @__normalizedUserName_0) 
[2022-11-01 16:05:24+00:00] [Information] Executed DbCommand (8ms) [Parameters=[@__userId_0='?' (Size = 450)], CommandType='Text', CommandTimeout='0']
SELECT [t].[Name]
FROM [AppUserRoles] AS [a]
INNER JOIN (
    SELECT [a0].[Id], [a0].[Name]
    FROM [AppRoles] AS [a0]
    WHERE [a0].[Discriminator] = N'AppRole'
) AS [t] ON [a].[RoleId] = [t].[Id]
WHERE [a].[UserId] = @__userId_0 
[2022-11-01 16:05:25+00:00] [Information] Entity Framework Core 6.0.3 initialized 'AIOAcessContolDbContext' using provider 'Microsoft.EntityFrameworkCore.SqlServer:6.0.2' with options: using lazy loading proxies MigrationsAssembly=KioskManagement.Data.Migrations  
[2022-11-01 16:05:25+00:00] [Information] Run endpoint /api/kioskmanagement/approles/getuserroleid/userId?={userId} GET 
[2022-11-01 16:05:26+00:00] [Information] Executed DbCommand (11ms) [Parameters=[@__userId_0='?' (Size = 450)], CommandType='Text', CommandTimeout='0']
SELECT [a].[Name]
FROM [AppRoles] AS [a]
LEFT JOIN [AppRoleGroups] AS [a0] ON [a].[Id] = [a0].[RoleId]
LEFT JOIN [AppGroups] AS [a1] ON [a0].[GroupId] = [a1].[Id]
LEFT JOIN [AppUserGroups] AS [a2] ON [a1].[Id] = [a2].[GroupId]
LEFT JOIN (
    SELECT [a3].[Id]
    FROM [AppUsers] AS [a3]
    WHERE [a3].[Discriminator] = N'AppUser'
) AS [t] ON [a2].[UserId] = [t].[Id]
WHERE ([a].[Discriminator] = N'AppRole') AND ([t].[Id] = @__userId_0) 
[2022-11-01 16:05:26+00:00] [Information] Entity Framework Core 6.0.3 initialized 'AIOAcessContolDbContext' using provider 'Microsoft.EntityFrameworkCore.SqlServer:6.0.2' with options: using lazy loading proxies MigrationsAssembly=KioskManagement.Data.Migrations  
[2022-11-01 16:05:26+00:00] [Information] Run endpoint /api/kioskmanagement/appmenus/gettreeviewbyuser?userid={userId} GET 
[2022-11-01 16:05:26+00:00] [Information] Executed DbCommand (8ms) [Parameters=[@userId='?' (Size = 36)], CommandType='Text', CommandTimeout='0']
dbo.GetMenuList @userId 
[2022-11-01 16:05:26+00:00] [Information] Executed DbCommand (10ms) [Parameters=[], CommandType='Text', CommandTimeout='0']
SELECT [a].[Description] AS [MenuName], [a].[ParentId], [a].[Id], [a].[Icon], [a].[Link], [a].[ActiveLink]
FROM [AppRoles] AS [a]
WHERE [a].[Discriminator] = N'AppRole'
ORDER BY [a].[Order_By] 
[2022-11-01 16:05:34+00:00] [Information] Entity Framework Core 6.0.3 initialized 'AIOAcessContolDbContext' using provider 'Microsoft.EntityFrameworkCore.SqlServer:6.0.2' with options: using lazy loading proxies MigrationsAssembly=KioskManagement.Data.Migrations  
[2022-11-01 16:05:34+00:00] [Information] Entity Framework Core 6.0.3 initialized 'AIOAcessContolDbContext' using provider 'Microsoft.EntityFrameworkCore.SqlServer:6.0.2' with options: using lazy loading proxies MigrationsAssembly=KioskManagement.Data.Migrations  
[2022-11-01 16:05:34+00:00] [Information] Run endpoint /api/aioaccesscontrol/AZone/getall GET 
[2022-11-01 16:05:36+00:00] [Information] Entity Framework Core 6.0.3 initialized 'AIOAcessContolDbContext' using provider 'Microsoft.EntityFrameworkCore.SqlServer:6.0.2' with options: using lazy loading proxies MigrationsAssembly=KioskManagement.Data.Migrations  
[2022-11-01 16:05:36+00:00] [Information] Run endpoint /api/aioaccesscontrol/TDevice/getlistpaging GET 
[2022-11-01 16:05:36+00:00] [Information] Run endpoint /api/aioaccesscontrol/TDeviceType/getall GET 
[2022-11-01 16:05:37+00:00] [Information] Executed DbCommand (3ms) [Parameters=[], CommandType='Text', CommandTimeout='0']
SELECT [a].[ZON_ID], [a].[ZON_DESCRIPTION], [a].[ZON_NAME], [a].[ZON_STATUS]
FROM [A_ZONE] AS [a]
WHERE [a].[ZON_STATUS] = CAST(1 AS bit) 
[2022-11-01 16:05:37+00:00] [Information] Executed DbCommand (3ms) [Parameters=[], CommandType='Text', CommandTimeout='0']
SELECT [t].[DEV_TYPE_ID], [t].[DEV_TYPE_CODE], [t].[DEV_TYPE_NAME]
FROM [T_DEVICE_TYPE] AS [t] 
[2022-11-01 16:05:37+00:00] [Information] Executed DbCommand (12ms) [Parameters=[], CommandType='Text', CommandTimeout='0']
SELECT [t].[DEV_ID] AS [DevId], [t0].[DEV_TYPE_ID] AS [DevTypeId], [a].[ZON_ID] AS [ZonId], [t].[DEV_NAME] AS [DevName], [t].[DEV_IP] AS [DevIp], [t].[DEV_PORT] AS [DevPort], [t].[DEV_CODE] AS [DevCode], [t].[DEV_SERIALNUMBER] AS [DevSerialnumber], [t].[DEV_PARTNUMBER] AS [DevPartnumber], [t].[DEV_MACADDRESS] AS [DevMacaddress], [t].[DEV_TIME_CHECK] AS [DevTimeCheck], [t].[DEV_STATUS] AS [DevStatus], [t].[DEV_LANE_CHECK] AS [DevLaneCheck], [a].[ZON_NAME] AS [ZonName], [t0].[DEV_TYPE_NAME] AS [DevTypeName]
FROM [T_DEVICE] AS [t]
INNER JOIN [T_DEVICE_TYPE] AS [t0] ON [t].[DEV_TYPE_ID] = [t0].[DEV_TYPE_ID]
INNER JOIN [A_ZONE] AS [a] ON [t].[ZON_ID] = [a].[ZON_ID] 
[2022-11-01 16:06:29+00:00] [Information] Entity Framework Core 6.0.3 initialized 'AIOAcessContolDbContext' using provider 'Microsoft.EntityFrameworkCore.SqlServer:6.0.2' with options: using lazy loading proxies MigrationsAssembly=KioskManagement.Data.Migrations  
[2022-11-01 16:06:29+00:00] [Information] Run endpoint /api/aioaccesscontrol/AZone/getlistpaging GET 
[2022-11-01 16:06:29+00:00] [Information] Executed DbCommand (6ms) [Parameters=[], CommandType='Text', CommandTimeout='0']
SELECT [a].[ZON_ID], [a].[ZON_DESCRIPTION], [a].[ZON_NAME], [a].[ZON_STATUS]
FROM [A_ZONE] AS [a] 
[2022-11-01 16:22:02+00:00] [Information] Now listening on: https://localhost:8001 
[2022-11-01 16:22:02+00:00] [Information] Now listening on: http://localhost:5200 
[2022-11-01 16:22:02+00:00] [Information] Application started. Press Ctrl+C to shut down. 
[2022-11-01 16:22:02+00:00] [Information] Hosting environment: Development 
[2022-11-01 16:22:02+00:00] [Information] Content root path: F:\HANET\Hanet01112022\Hannet\KioskManagement.Api\ 
[2022-11-01 16:22:11+00:00] [Information] Entity Framework Core 6.0.3 initialized 'AIOAcessContolDbContext' using provider 'Microsoft.EntityFrameworkCore.SqlServer:6.0.2' with options: using lazy loading proxies MigrationsAssembly=KioskManagement.Data.Migrations  
[2022-11-01 16:22:12+00:00] [Information] Run endpoint /api/kioskmanagement/appmenus/gettreeviewbyuser?userid={userId} GET 
[2022-11-01 16:22:12+00:00] [Information] Run endpoint /api/kioskmanagement/appmenus/gettreeviewbyuser?userid={userId} GET 
[2022-11-01 16:22:12+00:00] [Information] Run endpoint /api/aioaccesscontrol/AZone/getlistpaging GET 
[2022-11-01 16:22:12+00:00] [Information] Run endpoint /api/aioaccesscontrol/AZone/getlistpaging GET 
[2022-11-01 16:22:13+00:00] [Information] Entity Framework Core 6.0.3 initialized 'AIOAcessContolDbContext' using provider 'Microsoft.EntityFrameworkCore.SqlServer:6.0.2' with options: using lazy loading proxies MigrationsAssembly=KioskManagement.Data.Migrations  
[2022-11-01 16:22:13+00:00] [Information] Entity Framework Core 6.0.3 initialized 'AIOAcessContolDbContext' using provider 'Microsoft.EntityFrameworkCore.SqlServer:6.0.2' with options: using lazy loading proxies MigrationsAssembly=KioskManagement.Data.Migrations  
[2022-11-01 16:22:13+00:00] [Information] Run endpoint /api/kioskmanagement/appmenus/gettreeviewbyuser?userid={userId} GET 
[2022-11-01 16:22:13+00:00] [Information] Run endpoint /api/aioaccesscontrol/AZone/getlistpaging GET 
[2022-11-01 16:22:13+00:00] [Information] Executed DbCommand (70ms) [Parameters=[], CommandType='Text', CommandTimeout='0']
SELECT [a].[ZON_ID], [a].[ZON_DESCRIPTION], [a].[ZON_NAME], [a].[ZON_STATUS]
FROM [A_ZONE] AS [a] 
[2022-11-01 16:22:13+00:00] [Information] Executed DbCommand (187ms) [Parameters=[@userId='?' (Size = 36)], CommandType='Text', CommandTimeout='0']
dbo.GetMenuList @userId 
[2022-11-01 16:22:13+00:00] [Information] Executed DbCommand (187ms) [Parameters=[@userId='?' (Size = 36)], CommandType='Text', CommandTimeout='0']
dbo.GetMenuList @userId 
[2022-11-01 16:22:13+00:00] [Information] Executed DbCommand (187ms) [Parameters=[@userId='?' (Size = 36)], CommandType='Text', CommandTimeout='0']
dbo.GetMenuList @userId 
[2022-11-01 16:22:14+00:00] [Information] Executed DbCommand (2ms) [Parameters=[], CommandType='Text', CommandTimeout='0']
SELECT [a].[ZON_ID], [a].[ZON_DESCRIPTION], [a].[ZON_NAME], [a].[ZON_STATUS]
FROM [A_ZONE] AS [a] 
[2022-11-01 16:22:14+00:00] [Information] Executed DbCommand (12ms) [Parameters=[], CommandType='Text', CommandTimeout='0']
SELECT [a].[Description] AS [MenuName], [a].[ParentId], [a].[Id], [a].[Icon], [a].[Link], [a].[ActiveLink]
FROM [AppRoles] AS [a]
WHERE [a].[Discriminator] = N'AppRole'
ORDER BY [a].[Order_By] 
[2022-11-01 16:22:14+00:00] [Information] Executed DbCommand (12ms) [Parameters=[], CommandType='Text', CommandTimeout='0']
SELECT [a].[Description] AS [MenuName], [a].[ParentId], [a].[Id], [a].[Icon], [a].[Link], [a].[ActiveLink]
FROM [AppRoles] AS [a]
WHERE [a].[Discriminator] = N'AppRole'
ORDER BY [a].[Order_By] 
[2022-11-01 16:22:14+00:00] [Information] Executed DbCommand (12ms) [Parameters=[], CommandType='Text', CommandTimeout='0']
SELECT [a].[Description] AS [MenuName], [a].[ParentId], [a].[Id], [a].[Icon], [a].[Link], [a].[ActiveLink]
FROM [AppRoles] AS [a]
WHERE [a].[Discriminator] = N'AppRole'
ORDER BY [a].[Order_By] 
[2022-11-01 16:22:16+00:00] [Information] Entity Framework Core 6.0.3 initialized 'AIOAcessContolDbContext' using provider 'Microsoft.EntityFrameworkCore.SqlServer:6.0.2' with options: using lazy loading proxies MigrationsAssembly=KioskManagement.Data.Migrations  
[2022-11-01 16:22:17+00:00] [Information] Run endpoint /api/kioskmanagement/accounts/login POST 
[2022-11-01 16:22:17+00:00] [Information] Executed DbCommand (6ms) [Parameters=[@__normalizedUserName_0='?' (Size = 4000)], CommandType='Text', CommandTimeout='0']
SELECT TOP(1) [a].[Id], [a].[AccessFailedCount], [a].[ConcurrencyStamp], [a].[Discriminator], [a].[Email], [a].[EmailConfirmed], [a].[LockoutEnabled], [a].[LockoutEnd], [a].[NormalizedEmail], [a].[NormalizedUserName], [a].[PasswordHash], [a].[PhoneNumber], [a].[PhoneNumberConfirmed], [a].[SecurityStamp], [a].[TwoFactorEnabled], [a].[UserName], [a].[CreatedBy], [a].[CreatedDate], [a].[DeletedBy], [a].[DeletedDate], [a].[EM_ID], [a].[FullName], [a].[Image], [a].[IsDeleted], [a].[Status], [a].[UpdatedBy], [a].[UpdatedDate]
FROM [AppUsers] AS [a]
WHERE ([a].[Discriminator] = N'AppUser') AND ([a].[NormalizedUserName] = @__normalizedUserName_0) 
[2022-11-01 16:22:17+00:00] [Information] Executed DbCommand (7ms) [Parameters=[@__userId_0='?' (Size = 450)], CommandType='Text', CommandTimeout='0']
SELECT [t].[Name]
FROM [AppUserRoles] AS [a]
INNER JOIN (
    SELECT [a0].[Id], [a0].[Name]
    FROM [AppRoles] AS [a0]
    WHERE [a0].[Discriminator] = N'AppRole'
) AS [t] ON [a].[RoleId] = [t].[Id]
WHERE [a].[UserId] = @__userId_0 
[2022-11-01 16:22:17+00:00] [Information] Entity Framework Core 6.0.3 initialized 'AIOAcessContolDbContext' using provider 'Microsoft.EntityFrameworkCore.SqlServer:6.0.2' with options: using lazy loading proxies MigrationsAssembly=KioskManagement.Data.Migrations  
[2022-11-01 16:22:17+00:00] [Information] Run endpoint /api/kioskmanagement/approles/getuserroleid/userId?={userId} GET 
[2022-11-01 16:22:17+00:00] [Information] Executed DbCommand (13ms) [Parameters=[@__userId_0='?' (Size = 450)], CommandType='Text', CommandTimeout='0']
SELECT [a].[Name]
FROM [AppRoles] AS [a]
LEFT JOIN [AppRoleGroups] AS [a0] ON [a].[Id] = [a0].[RoleId]
LEFT JOIN [AppGroups] AS [a1] ON [a0].[GroupId] = [a1].[Id]
LEFT JOIN [AppUserGroups] AS [a2] ON [a1].[Id] = [a2].[GroupId]
LEFT JOIN (
    SELECT [a3].[Id]
    FROM [AppUsers] AS [a3]
    WHERE [a3].[Discriminator] = N'AppUser'
) AS [t] ON [a2].[UserId] = [t].[Id]
WHERE ([a].[Discriminator] = N'AppRole') AND ([t].[Id] = @__userId_0) 
[2022-11-01 16:22:17+00:00] [Information] Entity Framework Core 6.0.3 initialized 'AIOAcessContolDbContext' using provider 'Microsoft.EntityFrameworkCore.SqlServer:6.0.2' with options: using lazy loading proxies MigrationsAssembly=KioskManagement.Data.Migrations  
[2022-11-01 16:22:17+00:00] [Information] Run endpoint /api/kioskmanagement/appmenus/gettreeviewbyuser?userid={userId} GET 
[2022-11-01 16:22:17+00:00] [Information] Executed DbCommand (2ms) [Parameters=[@userId='?' (Size = 36)], CommandType='Text', CommandTimeout='0']
dbo.GetMenuList @userId 
[2022-11-01 16:22:17+00:00] [Information] Executed DbCommand (2ms) [Parameters=[], CommandType='Text', CommandTimeout='0']
SELECT [a].[Description] AS [MenuName], [a].[ParentId], [a].[Id], [a].[Icon], [a].[Link], [a].[ActiveLink]
FROM [AppRoles] AS [a]
WHERE [a].[Discriminator] = N'AppRole'
ORDER BY [a].[Order_By] 
[2022-11-01 16:22:22+00:00] [Information] Entity Framework Core 6.0.3 initialized 'AIOAcessContolDbContext' using provider 'Microsoft.EntityFrameworkCore.SqlServer:6.0.2' with options: using lazy loading proxies MigrationsAssembly=KioskManagement.Data.Migrations  
[2022-11-01 16:22:22+00:00] [Information] Run endpoint /api/aioaccesscontrol/AZone/getlistpaging GET 
[2022-11-01 16:22:22+00:00] [Information] Executed DbCommand (2ms) [Parameters=[], CommandType='Text', CommandTimeout='0']
SELECT [a].[ZON_ID], [a].[ZON_DESCRIPTION], [a].[ZON_NAME], [a].[ZON_STATUS]
FROM [A_ZONE] AS [a] 
[2022-11-01 16:22:53+00:00] [Information] Entity Framework Core 6.0.3 initialized 'AIOAcessContolDbContext' using provider 'Microsoft.EntityFrameworkCore.SqlServer:6.0.2' with options: using lazy loading proxies MigrationsAssembly=KioskManagement.Data.Migrations  
[2022-11-01 16:22:53+00:00] [Information] Run endpoint /api/aioaccesscontrol/AZone/create POST 
[2022-11-01 16:23:15+00:00] [Information] Executed DbCommand (4ms) [Parameters=[@__aZone_ZonName_0='?' (Size = 200)], CommandType='Text', CommandTimeout='0']
SELECT COUNT(*)
FROM [A_ZONE] AS [a]
WHERE [a].[ZON_NAME] = @__aZone_ZonName_0 
[2022-11-01 16:23:15+00:00] [Information] Executed DbCommand (15ms) [Parameters=[@p0='?' (Size = 200), @p1='?' (Size = 200), @p2='?' (DbType = Boolean)], CommandType='Text', CommandTimeout='0']
SET NOCOUNT ON;
INSERT INTO [A_ZONE] ([ZON_DESCRIPTION], [ZON_NAME], [ZON_STATUS])
VALUES (@p0, @p1, @p2);
SELECT [ZON_ID]
FROM [A_ZONE]
WHERE @@ROWCOUNT = 1 AND [ZON_ID] = scope_identity(); 
[2022-11-01 16:23:16+00:00] [Information] Entity Framework Core 6.0.3 initialized 'AIOAcessContolDbContext' using provider 'Microsoft.EntityFrameworkCore.SqlServer:6.0.2' with options: using lazy loading proxies MigrationsAssembly=KioskManagement.Data.Migrations  
[2022-11-01 16:23:16+00:00] [Information] Run endpoint /api/aioaccesscontrol/AZone/getlistpaging GET 
[2022-11-01 16:23:16+00:00] [Information] Executed DbCommand (2ms) [Parameters=[], CommandType='Text', CommandTimeout='0']
SELECT [a].[ZON_ID], [a].[ZON_DESCRIPTION], [a].[ZON_NAME], [a].[ZON_STATUS]
FROM [A_ZONE] AS [a] 
[2022-11-01 16:23:47+00:00] [Information] Entity Framework Core 6.0.3 initialized 'AIOAcessContolDbContext' using provider 'Microsoft.EntityFrameworkCore.SqlServer:6.0.2' with options: using lazy loading proxies MigrationsAssembly=KioskManagement.Data.Migrations  
[2022-11-01 16:23:47+00:00] [Information] Run endpoint /api/aioaccesscontrol/AZone/deletemulti DELETE 
[2022-11-01 16:23:47+00:00] [Information] Executed DbCommand (3ms) [Parameters=[@__p_0='?' (DbType = Int32)], CommandType='Text', CommandTimeout='0']
SELECT TOP(1) [a].[ZON_ID], [a].[ZON_DESCRIPTION], [a].[ZON_NAME], [a].[ZON_STATUS]
FROM [A_ZONE] AS [a]
WHERE [a].[ZON_ID] = @__p_0 
[2022-11-01 16:23:47+00:00] [Information] Executed DbCommand (4ms) [Parameters=[@p0='?' (DbType = Int32)], CommandType='Text', CommandTimeout='0']
SET NOCOUNT ON;
DELETE FROM [A_ZONE]
WHERE [ZON_ID] = @p0;
SELECT @@ROWCOUNT; 
[2022-11-01 16:23:47+00:00] [Information] Entity Framework Core 6.0.3 initialized 'AIOAcessContolDbContext' using provider 'Microsoft.EntityFrameworkCore.SqlServer:6.0.2' with options: using lazy loading proxies MigrationsAssembly=KioskManagement.Data.Migrations  
[2022-11-01 16:23:47+00:00] [Information] Run endpoint /api/aioaccesscontrol/AZone/getlistpaging GET 
[2022-11-01 16:23:47+00:00] [Information] Executed DbCommand (10ms) [Parameters=[], CommandType='Text', CommandTimeout='0']
SELECT [a].[ZON_ID], [a].[ZON_DESCRIPTION], [a].[ZON_NAME], [a].[ZON_STATUS]
FROM [A_ZONE] AS [a] 
[2022-11-01 16:24:06+00:00] [Information] Entity Framework Core 6.0.3 initialized 'AIOAcessContolDbContext' using provider 'Microsoft.EntityFrameworkCore.SqlServer:6.0.2' with options: using lazy loading proxies MigrationsAssembly=KioskManagement.Data.Migrations  
[2022-11-01 16:24:06+00:00] [Information] Run endpoint /api/aioaccesscontrol/AZone/create POST 
[2022-11-01 16:26:09+00:00] [Information] Executed DbCommand (1ms) [Parameters=[@__aZone_ZonName_0='?' (Size = 200)], CommandType='Text', CommandTimeout='0']
SELECT COUNT(*)
FROM [A_ZONE] AS [a]
WHERE [a].[ZON_NAME] = @__aZone_ZonName_0 
[2022-11-01 16:26:09+00:00] [Information] Executed DbCommand (4ms) [Parameters=[@p0='?' (Size = 200), @p1='?' (Size = 200), @p2='?' (DbType = Boolean)], CommandType='Text', CommandTimeout='0']
SET NOCOUNT ON;
INSERT INTO [A_ZONE] ([ZON_DESCRIPTION], [ZON_NAME], [ZON_STATUS])
VALUES (@p0, @p1, @p2);
SELECT [ZON_ID]
FROM [A_ZONE]
WHERE @@ROWCOUNT = 1 AND [ZON_ID] = scope_identity(); 
[2022-11-01 16:26:10+00:00] [Information] Entity Framework Core 6.0.3 initialized 'AIOAcessContolDbContext' using provider 'Microsoft.EntityFrameworkCore.SqlServer:6.0.2' with options: using lazy loading proxies MigrationsAssembly=KioskManagement.Data.Migrations  
[2022-11-01 16:26:10+00:00] [Information] Run endpoint /api/aioaccesscontrol/AZone/getlistpaging GET 
[2022-11-01 16:26:10+00:00] [Information] Executed DbCommand (4ms) [Parameters=[], CommandType='Text', CommandTimeout='0']
SELECT [a].[ZON_ID], [a].[ZON_DESCRIPTION], [a].[ZON_NAME], [a].[ZON_STATUS]
FROM [A_ZONE] AS [a] 
[2022-11-01 16:28:35+00:00] [Information] Entity Framework Core 6.0.3 initialized 'AIOAcessContolDbContext' using provider 'Microsoft.EntityFrameworkCore.SqlServer:6.0.2' with options: using lazy loading proxies MigrationsAssembly=KioskManagement.Data.Migrations  
[2022-11-01 16:28:35+00:00] [Information] Entity Framework Core 6.0.3 initialized 'AIOAcessContolDbContext' using provider 'Microsoft.EntityFrameworkCore.SqlServer:6.0.2' with options: using lazy loading proxies MigrationsAssembly=KioskManagement.Data.Migrations  
[2022-11-01 16:28:35+00:00] [Information] Entity Framework Core 6.0.3 initialized 'AIOAcessContolDbContext' using provider 'Microsoft.EntityFrameworkCore.SqlServer:6.0.2' with options: using lazy loading proxies MigrationsAssembly=KioskManagement.Data.Migrations  
[2022-11-01 16:28:35+00:00] [Information] Run endpoint /api/aioaccesscontrol/TDepartment/getall GET 
[2022-11-01 16:28:35+00:00] [Information] Run endpoint /api/aioaccesscontrol/TEmployee/getAllByPaging GET 
[2022-11-01 16:28:35+00:00] [Information] Run endpoint /api/aioaccesscontrol/TRegency/getall GET 
[2022-11-01 16:28:35+00:00] [Information] Executed DbCommand (23ms) [Parameters=[], CommandType='Text', CommandTimeout='0']
SELECT [t].[REG_ID], [t].[REG_DESCRIPTION], [t].[REG_NAME], [t].[REG_STATUS]
FROM [T_REGENCY] AS [t]
WHERE [t].[REG_STATUS] = CAST(1 AS bit) 
[2022-11-01 16:28:35+00:00] [Information] Executed DbCommand (3ms) [Parameters=[], CommandType='Text', CommandTimeout='0']
SELECT [t].[DEP_ID], [t].[DEP_DESCRIPTION], [t].[DEP_NAME], [t].[DEP_STATUS]
FROM [T_DEPARTMENT] AS [t]
WHERE [t].[DEP_STATUS] = CAST(1 AS bit) 
[2022-11-01 16:28:35+00:00] [Information] Entity Framework Core 6.0.3 initialized 'AIOAcessContolDbContext' using provider 'Microsoft.EntityFrameworkCore.SqlServer:6.0.2' with options: using lazy loading proxies MigrationsAssembly=KioskManagement.Data.Migrations  
[2022-11-01 16:28:35+00:00] [Information] Entity Framework Core 6.0.3 initialized 'AIOAcessContolDbContext' using provider 'Microsoft.EntityFrameworkCore.SqlServer:6.0.2' with options: using lazy loading proxies MigrationsAssembly=KioskManagement.Data.Migrations  
[2022-11-01 16:28:35+00:00] [Information] Run endpoint /api/aioaccesscontrol/TGroupAccess/getall GET 
[2022-11-01 16:28:35+00:00] [Information] Run endpoint /api/aioaccesscontrol/AScheduleDeviceDetail/getall GET 
[2022-11-01 16:28:35+00:00] [Information] Entity Framework Core 6.0.3 initialized 'AIOAcessContolDbContext' using provider 'Microsoft.EntityFrameworkCore.SqlServer:6.0.2' with options: using lazy loading proxies MigrationsAssembly=KioskManagement.Data.Migrations  
[2022-11-01 16:28:35+00:00] [Information] Entity Framework Core 6.0.3 initialized 'AIOAcessContolDbContext' using provider 'Microsoft.EntityFrameworkCore.SqlServer:6.0.2' with options: using lazy loading proxies MigrationsAssembly=KioskManagement.Data.Migrations  
[2022-11-01 16:28:35+00:00] [Information] Entity Framework Core 6.0.3 initialized 'AIOAcessContolDbContext' using provider 'Microsoft.EntityFrameworkCore.SqlServer:6.0.2' with options: using lazy loading proxies MigrationsAssembly=KioskManagement.Data.Migrations  
[2022-11-01 16:28:35+00:00] [Information] Run endpoint /api/aioaccesscontrol/TDevice/getdeviceunv GET 
[2022-11-01 16:28:35+00:00] [Information] Run endpoint /api/aioaccesscontrol/TDevice/getdevicemorpho GET 
[2022-11-01 16:28:35+00:00] [Information] Executed DbCommand (30ms) [Parameters=[], CommandType='Text', CommandTimeout='0']
SELECT [t].[GA_ID], [t].[GA_NAME], [t].[GA_STATUS]
FROM [T_GROUP_ACCESS] AS [t]
WHERE [t].[GA_STATUS] = CAST(1 AS bit) 
[2022-11-01 16:28:35+00:00] [Information] Executed DbCommand (18ms) [Parameters=[], CommandType='Text', CommandTimeout='0']
SELECT [a].[FRI], [a].[MON], [a].[SAT], [a].[SCH_DEV_ID], [a].[SCH_DEV_NAME], [a].[SUN], [a].[THU], [a].[TUE], [a].[WED]
FROM [A_SCHEDULE_DEVICE_DETAIL] AS [a] 
[2022-11-01 16:28:35+00:00] [Information] Executed DbCommand (10ms) [Parameters=[], CommandType='Text', CommandTimeout='0']
SELECT [t].[DEV_ID], [t].[DEV_CODE], [t].[DEV_IP], [t].[DEV_LANE_CHECK], [t].[DEV_MACADDRESS], [t].[DEV_NAME], [t].[DEV_PARTNUMBER], [t].[DEV_PORT], [t].[DEV_SERIALNUMBER], [t].[DEV_STATUS], [t].[DEV_TIME_CHECK], [t].[DEV_TYPE_ID], [t].[ZON_ID]
FROM [T_DEVICE] AS [t]
INNER JOIN [T_DEVICE_TYPE] AS [t0] ON [t].[DEV_TYPE_ID] = [t0].[DEV_TYPE_ID]
WHERE ([t].[DEV_STATUS] = CAST(1 AS bit)) AND ([t0].[DEV_TYPE_CODE] = 'Morpho') 
[2022-11-01 16:28:35+00:00] [Information] Executed DbCommand (24ms) [Parameters=[], CommandType='Text', CommandTimeout='0']
SELECT [t].[EM_ID] AS [EmId], [t1].[REG_ID] AS [RegId], [t].[EM_TYPE_ID] AS [EmTypeId], [t0].[EM_TYPE] AS [EmType], [t1].[REG_NAME] AS [RegName], [t].[DEP_ID] AS [DepId], [t3].[DEP_NAME] AS [DepName], [t].[EM_ID_CREATED] AS [EmIdCreated], [t].[EM_NAME] AS [EmName], [t].[EM_CODE] AS [EmCode], [t].[EM_ADDRESS] AS [EmAddress], CASE
    WHEN [t].[EM_GENDER] = 'M' THEN N'Nam'
    ELSE N'Nữ'
END AS [EmGender], [t].[EM_PHONE] AS [EmPhone], [t].[EM_BIRTHDATE] AS [EmBirthdate], [t].[EM_IDENTITY_NUMBER] AS [EmIdentityNumber], [t].[EM_EMAIL] AS [EmEmail], [t].[EM_IMAGE] AS [EmImage], [t].[EM_STATUS] AS [EmStatus], [t].[EM_TIME_CHECK] AS [EmTimeCheck], [t].[EDIT_STATUS] AS [EditStatus], [t2].[GA_ID] AS [GaId], [t2].[GA_NAME] AS [GaName], [t].[CREATED_DATE] AS [CreatedDate], [t].[DEV_ID_SYNCHRONIZED] AS [DevIdSynchronized], [t].[SCH_DEV_ID] AS [SchDevId], [t].[FACE_EXIST] AS [FaceExist], [t].[PIN] AS [Pin], CASE
    WHEN (
        SELECT COUNT(*)
        FROM [T_CARD_NO] AS [t4]
        WHERE (([t].[EM_ID] = [t4].[EM_ID]) AND ([t4].[USING] = CAST(1 AS bit))) AND ([t4].[CA_STATUS] = CAST(1 AS bit))) > 0 THEN CAST(1 AS bit)
    ELSE CAST(0 AS bit)
END AS [CheckCard], CASE
    WHEN (
        SELECT COUNT(*)
        FROM [T_EMPLOYEE_FACE] AS [t5]
        WHERE [t].[EM_ID] = [t5].[EM_ID]) > 0 THEN CAST(1 AS bit)
    ELSE CAST(0 AS bit)
END AS [CheckFace], CASE
    WHEN (
        SELECT COUNT(*)
        FROM [T_EMPLOYEE_FINGER] AS [t6]
        WHERE [t].[EM_ID] = [t6].[EM_ID]) > 0 THEN CAST(1 AS bit)
    ELSE CAST(0 AS bit)
END AS [CheckFinger]
FROM [T_EMPLOYEE] AS [t]
INNER JOIN [T_EMPLOYEE_TYPE] AS [t0] ON [t].[EM_TYPE_ID] = [t0].[EM_TYPE_ID]
LEFT JOIN [T_REGENCY] AS [t1] ON [t].[REG_ID] = [t1].[REG_ID]
LEFT JOIN [T_GROUP_ACCESS] AS [t2] ON [t].[GA_ID] = [t2].[GA_ID]
LEFT JOIN [T_DEPARTMENT] AS [t3] ON [t].[DEP_ID] = [t3].[DEP_ID] 
[2022-11-01 16:28:35+00:00] [Information] Executed DbCommand (8ms) [Parameters=[], CommandType='Text', CommandTimeout='0']
SELECT [t].[DEV_ID], [t].[DEV_CODE], [t].[DEV_IP], [t].[DEV_LANE_CHECK], [t].[DEV_MACADDRESS], [t].[DEV_NAME], [t].[DEV_PARTNUMBER], [t].[DEV_PORT], [t].[DEV_SERIALNUMBER], [t].[DEV_STATUS], [t].[DEV_TIME_CHECK], [t].[DEV_TYPE_ID], [t].[ZON_ID]
FROM [T_DEVICE] AS [t]
INNER JOIN [T_DEVICE_TYPE] AS [t0] ON [t].[DEV_TYPE_ID] = [t0].[DEV_TYPE_ID]
WHERE ([t].[DEV_STATUS] = CAST(1 AS bit)) AND ([t0].[DEV_TYPE_CODE] = 'UNV') 
[2022-11-01 16:28:35+00:00] [Information] Executed DbCommand (11ms) [Parameters=[], CommandType='Text', CommandTimeout='0']
SELECT [t].[EM_TYPE_ID] AS [EmTypeId], [t].[EM_TYPE] AS [EmType], [t].[EM_CHECK] AS [EmCheck]
FROM [T_EMPLOYEE_TYPE] AS [t] 
[2022-11-01 16:28:38+00:00] [Information] Entity Framework Core 6.0.3 initialized 'AIOAcessContolDbContext' using provider 'Microsoft.EntityFrameworkCore.SqlServer:6.0.2' with options: using lazy loading proxies MigrationsAssembly=KioskManagement.Data.Migrations  
[2022-11-01 16:28:38+00:00] [Information] Run endpoint /api/aioaccesscontrol/TDevice/getdeviceunv GET 
[2022-11-01 16:28:38+00:00] [Information] Entity Framework Core 6.0.3 initialized 'AIOAcessContolDbContext' using provider 'Microsoft.EntityFrameworkCore.SqlServer:6.0.2' with options: using lazy loading proxies MigrationsAssembly=KioskManagement.Data.Migrations  
[2022-11-01 16:28:38+00:00] [Information] Executed DbCommand (8ms) [Parameters=[], CommandType='Text', CommandTimeout='0']
SELECT [t].[DEV_ID], [t].[DEV_CODE], [t].[DEV_IP], [t].[DEV_LANE_CHECK], [t].[DEV_MACADDRESS], [t].[DEV_NAME], [t].[DEV_PARTNUMBER], [t].[DEV_PORT], [t].[DEV_SERIALNUMBER], [t].[DEV_STATUS], [t].[DEV_TIME_CHECK], [t].[DEV_TYPE_ID], [t].[ZON_ID]
FROM [T_DEVICE] AS [t]
INNER JOIN [T_DEVICE_TYPE] AS [t0] ON [t].[DEV_TYPE_ID] = [t0].[DEV_TYPE_ID]
WHERE ([t].[DEV_STATUS] = CAST(1 AS bit)) AND ([t0].[DEV_TYPE_CODE] = 'UNV') 
[2022-11-01 16:28:38+00:00] [Information] Run endpoint /api/aioaccesscontrol/Sync/GetEmployeeEditStatus GET 
[2022-11-01 16:28:38+00:00] [Information] Executed DbCommand (8ms) [Parameters=[], CommandType='Text', CommandTimeout='0']
SELECT [t].[EM_ID] AS [EmId], [t].[EM_NAME] AS [EmName], [t].[EM_CODE] AS [EmCode], [t1].[DEP_NAME] AS [DepName], [t2].[REG_NAME] AS [RegName], [t0].[GA_NAME] AS [GaName]
FROM [T_EMPLOYEE] AS [t]
INNER JOIN [T_GROUP_ACCESS] AS [t0] ON [t].[GA_ID] = [t0].[GA_ID]
LEFT JOIN [T_DEPARTMENT] AS [t1] ON [t].[DEP_ID] = [t1].[DEP_ID]
LEFT JOIN [T_REGENCY] AS [t2] ON [t].[REG_ID] = [t2].[REG_ID]
WHERE [t].[EDIT_STATUS] = CAST(1 AS bit) 
[2022-11-01 16:28:42+00:00] [Information] Entity Framework Core 6.0.3 initialized 'AIOAcessContolDbContext' using provider 'Microsoft.EntityFrameworkCore.SqlServer:6.0.2' with options: using lazy loading proxies MigrationsAssembly=KioskManagement.Data.Migrations  
[2022-11-01 16:28:42+00:00] [Information] Entity Framework Core 6.0.3 initialized 'AIOAcessContolDbContext' using provider 'Microsoft.EntityFrameworkCore.SqlServer:6.0.2' with options: using lazy loading proxies MigrationsAssembly=KioskManagement.Data.Migrations  
[2022-11-01 16:28:42+00:00] [Information] Run endpoint /api/aioaccesscontrol/TEmployee/getAllByPaging GET 
[2022-11-01 16:28:42+00:00] [Information] Entity Framework Core 6.0.3 initialized 'AIOAcessContolDbContext' using provider 'Microsoft.EntityFrameworkCore.SqlServer:6.0.2' with options: using lazy loading proxies MigrationsAssembly=KioskManagement.Data.Migrations  
[2022-11-01 16:28:42+00:00] [Information] Run endpoint /api/aioaccesscontrol/TDepartment/getall GET 
[2022-11-01 16:28:42+00:00] [Information] Executed DbCommand (6ms) [Parameters=[], CommandType='Text', CommandTimeout='0']
SELECT [t].[EM_ID] AS [EmId], [t1].[REG_ID] AS [RegId], [t].[EM_TYPE_ID] AS [EmTypeId], [t0].[EM_TYPE] AS [EmType], [t1].[REG_NAME] AS [RegName], [t].[DEP_ID] AS [DepId], [t3].[DEP_NAME] AS [DepName], [t].[EM_ID_CREATED] AS [EmIdCreated], [t].[EM_NAME] AS [EmName], [t].[EM_CODE] AS [EmCode], [t].[EM_ADDRESS] AS [EmAddress], CASE
    WHEN [t].[EM_GENDER] = 'M' THEN N'Nam'
    ELSE N'Nữ'
END AS [EmGender], [t].[EM_PHONE] AS [EmPhone], [t].[EM_BIRTHDATE] AS [EmBirthdate], [t].[EM_IDENTITY_NUMBER] AS [EmIdentityNumber], [t].[EM_EMAIL] AS [EmEmail], [t].[EM_IMAGE] AS [EmImage], [t].[EM_STATUS] AS [EmStatus], [t].[EM_TIME_CHECK] AS [EmTimeCheck], [t].[EDIT_STATUS] AS [EditStatus], [t2].[GA_ID] AS [GaId], [t2].[GA_NAME] AS [GaName], [t].[CREATED_DATE] AS [CreatedDate], [t].[DEV_ID_SYNCHRONIZED] AS [DevIdSynchronized], [t].[SCH_DEV_ID] AS [SchDevId], [t].[FACE_EXIST] AS [FaceExist], [t].[PIN] AS [Pin], CASE
    WHEN (
        SELECT COUNT(*)
        FROM [T_CARD_NO] AS [t4]
        WHERE (([t].[EM_ID] = [t4].[EM_ID]) AND ([t4].[USING] = CAST(1 AS bit))) AND ([t4].[CA_STATUS] = CAST(1 AS bit))) > 0 THEN CAST(1 AS bit)
    ELSE CAST(0 AS bit)
END AS [CheckCard], CASE
    WHEN (
        SELECT COUNT(*)
        FROM [T_EMPLOYEE_FACE] AS [t5]
        WHERE [t].[EM_ID] = [t5].[EM_ID]) > 0 THEN CAST(1 AS bit)
    ELSE CAST(0 AS bit)
END AS [CheckFace], CASE
    WHEN (
        SELECT COUNT(*)
        FROM [T_EMPLOYEE_FINGER] AS [t6]
        WHERE [t].[EM_ID] = [t6].[EM_ID]) > 0 THEN CAST(1 AS bit)
    ELSE CAST(0 AS bit)
END AS [CheckFinger]
FROM [T_EMPLOYEE] AS [t]
INNER JOIN [T_EMPLOYEE_TYPE] AS [t0] ON [t].[EM_TYPE_ID] = [t0].[EM_TYPE_ID]
LEFT JOIN [T_REGENCY] AS [t1] ON [t].[REG_ID] = [t1].[REG_ID]
LEFT JOIN [T_GROUP_ACCESS] AS [t2] ON [t].[GA_ID] = [t2].[GA_ID]
LEFT JOIN [T_DEPARTMENT] AS [t3] ON [t].[DEP_ID] = [t3].[DEP_ID] 
[2022-11-01 16:28:42+00:00] [Information] Entity Framework Core 6.0.3 initialized 'AIOAcessContolDbContext' using provider 'Microsoft.EntityFrameworkCore.SqlServer:6.0.2' with options: using lazy loading proxies MigrationsAssembly=KioskManagement.Data.Migrations  
[2022-11-01 16:28:42+00:00] [Information] Executed DbCommand (7ms) [Parameters=[], CommandType='Text', CommandTimeout='0']
SELECT [t].[DEP_ID], [t].[DEP_DESCRIPTION], [t].[DEP_NAME], [t].[DEP_STATUS]
FROM [T_DEPARTMENT] AS [t]
WHERE [t].[DEP_STATUS] = CAST(1 AS bit) 
[2022-11-01 16:28:42+00:00] [Information] Run endpoint /api/aioaccesscontrol/TGroupAccess/getall GET 
[2022-11-01 16:28:42+00:00] [Information] Entity Framework Core 6.0.3 initialized 'AIOAcessContolDbContext' using provider 'Microsoft.EntityFrameworkCore.SqlServer:6.0.2' with options: using lazy loading proxies MigrationsAssembly=KioskManagement.Data.Migrations  
[2022-11-01 16:28:42+00:00] [Information] Entity Framework Core 6.0.3 initialized 'AIOAcessContolDbContext' using provider 'Microsoft.EntityFrameworkCore.SqlServer:6.0.2' with options: using lazy loading proxies MigrationsAssembly=KioskManagement.Data.Migrations  
[2022-11-01 16:28:42+00:00] [Information] Run endpoint /api/aioaccesscontrol/TDevice/getdevicemorpho GET 
[2022-11-01 16:28:42+00:00] [Information] Executed DbCommand (2ms) [Parameters=[], CommandType='Text', CommandTimeout='0']
SELECT [t].[GA_ID], [t].[GA_NAME], [t].[GA_STATUS]
FROM [T_GROUP_ACCESS] AS [t]
WHERE [t].[GA_STATUS] = CAST(1 AS bit) 
[2022-11-01 16:28:42+00:00] [Information] Executed DbCommand (6ms) [Parameters=[], CommandType='Text', CommandTimeout='0']
SELECT [t].[EM_TYPE_ID] AS [EmTypeId], [t].[EM_TYPE] AS [EmType], [t].[EM_CHECK] AS [EmCheck]
FROM [T_EMPLOYEE_TYPE] AS [t] 
[2022-11-01 16:28:42+00:00] [Information] Entity Framework Core 6.0.3 initialized 'AIOAcessContolDbContext' using provider 'Microsoft.EntityFrameworkCore.SqlServer:6.0.2' with options: using lazy loading proxies MigrationsAssembly=KioskManagement.Data.Migrations  
[2022-11-01 16:28:42+00:00] [Information] Run endpoint /api/aioaccesscontrol/TRegency/getall GET 
[2022-11-01 16:28:42+00:00] [Information] Run endpoint /api/aioaccesscontrol/AScheduleDeviceDetail/getall GET 
[2022-11-01 16:28:42+00:00] [Information] Entity Framework Core 6.0.3 initialized 'AIOAcessContolDbContext' using provider 'Microsoft.EntityFrameworkCore.SqlServer:6.0.2' with options: using lazy loading proxies MigrationsAssembly=KioskManagement.Data.Migrations  
[2022-11-01 16:28:42+00:00] [Information] Executed DbCommand (13ms) [Parameters=[], CommandType='Text', CommandTimeout='0']
SELECT [t].[REG_ID], [t].[REG_DESCRIPTION], [t].[REG_NAME], [t].[REG_STATUS]
FROM [T_REGENCY] AS [t]
WHERE [t].[REG_STATUS] = CAST(1 AS bit) 
[2022-11-01 16:28:42+00:00] [Information] Run endpoint /api/aioaccesscontrol/TDevice/getdeviceunv GET 
[2022-11-01 16:28:42+00:00] [Information] Executed DbCommand (8ms) [Parameters=[], CommandType='Text', CommandTimeout='0']
SELECT [t].[DEV_ID], [t].[DEV_CODE], [t].[DEV_IP], [t].[DEV_LANE_CHECK], [t].[DEV_MACADDRESS], [t].[DEV_NAME], [t].[DEV_PARTNUMBER], [t].[DEV_PORT], [t].[DEV_SERIALNUMBER], [t].[DEV_STATUS], [t].[DEV_TIME_CHECK], [t].[DEV_TYPE_ID], [t].[ZON_ID]
FROM [T_DEVICE] AS [t]
INNER JOIN [T_DEVICE_TYPE] AS [t0] ON [t].[DEV_TYPE_ID] = [t0].[DEV_TYPE_ID]
WHERE ([t].[DEV_STATUS] = CAST(1 AS bit)) AND ([t0].[DEV_TYPE_CODE] = 'Morpho') 
[2022-11-01 16:28:42+00:00] [Information] Executed DbCommand (8ms) [Parameters=[], CommandType='Text', CommandTimeout='0']
SELECT [a].[FRI], [a].[MON], [a].[SAT], [a].[SCH_DEV_ID], [a].[SCH_DEV_NAME], [a].[SUN], [a].[THU], [a].[TUE], [a].[WED]
FROM [A_SCHEDULE_DEVICE_DETAIL] AS [a] 
[2022-11-01 16:28:42+00:00] [Information] Executed DbCommand (8ms) [Parameters=[], CommandType='Text', CommandTimeout='0']
SELECT [t].[DEV_ID], [t].[DEV_CODE], [t].[DEV_IP], [t].[DEV_LANE_CHECK], [t].[DEV_MACADDRESS], [t].[DEV_NAME], [t].[DEV_PARTNUMBER], [t].[DEV_PORT], [t].[DEV_SERIALNUMBER], [t].[DEV_STATUS], [t].[DEV_TIME_CHECK], [t].[DEV_TYPE_ID], [t].[ZON_ID]
FROM [T_DEVICE] AS [t]
INNER JOIN [T_DEVICE_TYPE] AS [t0] ON [t].[DEV_TYPE_ID] = [t0].[DEV_TYPE_ID]
WHERE ([t].[DEV_STATUS] = CAST(1 AS bit)) AND ([t0].[DEV_TYPE_CODE] = 'UNV') 
[2022-11-01 16:28:50+00:00] [Information] Entity Framework Core 6.0.3 initialized 'AIOAcessContolDbContext' using provider 'Microsoft.EntityFrameworkCore.SqlServer:6.0.2' with options: using lazy loading proxies MigrationsAssembly=KioskManagement.Data.Migrations  
[2022-11-01 16:28:50+00:00] [Information] Run endpoint /api/aioaccesscontrol/TEmployee/getById/{id} GET 
[2022-11-01 16:28:50+00:00] [Information] Executed DbCommand (4ms) [Parameters=[@__p_0='?' (DbType = Int32)], CommandType='Text', CommandTimeout='0']
SELECT TOP(1) [t].[EM_ID], [t].[CREATED_DATE], [t].[DEP_ID], [t].[DEV_ID_SYNCHRONIZED], [t].[EDIT_STATUS], [t].[EM_ADDRESS], [t].[EM_BIRTHDATE], [t].[EM_CODE], [t].[EM_EMAIL], [t].[EM_GENDER], [t].[EM_ID_CREATED], [t].[EM_IDENTITY_NUMBER], [t].[EM_IMAGE], [t].[EM_NAME], [t].[EM_PHONE], [t].[EM_STATUS], [t].[EM_TIME_CHECK], [t].[EM_TYPE_ID], [t].[FACE_EXIST], [t].[GA_ID], [t].[PIN], [t].[REG_ID], [t].[SCH_DEV_ID]
FROM [T_EMPLOYEE] AS [t]
WHERE [t].[EM_ID] = @__p_0 
[2022-11-01 16:30:07+00:00] [Information] Entity Framework Core 6.0.3 initialized 'AIOAcessContolDbContext' using provider 'Microsoft.EntityFrameworkCore.SqlServer:6.0.2' with options: using lazy loading proxies MigrationsAssembly=KioskManagement.Data.Migrations  
[2022-11-01 16:30:07+00:00] [Information] Run endpoint /api/aioaccesscontrol/Sync/GetEmployeeEditStatus GET 
[2022-11-01 16:30:07+00:00] [Information] Entity Framework Core 6.0.3 initialized 'AIOAcessContolDbContext' using provider 'Microsoft.EntityFrameworkCore.SqlServer:6.0.2' with options: using lazy loading proxies MigrationsAssembly=KioskManagement.Data.Migrations  
[2022-11-01 16:30:07+00:00] [Information] Run endpoint /api/aioaccesscontrol/TDevice/getdeviceunv GET 
[2022-11-01 16:30:07+00:00] [Information] Executed DbCommand (4ms) [Parameters=[], CommandType='Text', CommandTimeout='0']
SELECT [t].[EM_ID] AS [EmId], [t].[EM_NAME] AS [EmName], [t].[EM_CODE] AS [EmCode], [t1].[DEP_NAME] AS [DepName], [t2].[REG_NAME] AS [RegName], [t0].[GA_NAME] AS [GaName]
FROM [T_EMPLOYEE] AS [t]
INNER JOIN [T_GROUP_ACCESS] AS [t0] ON [t].[GA_ID] = [t0].[GA_ID]
LEFT JOIN [T_DEPARTMENT] AS [t1] ON [t].[DEP_ID] = [t1].[DEP_ID]
LEFT JOIN [T_REGENCY] AS [t2] ON [t].[REG_ID] = [t2].[REG_ID]
WHERE [t].[EDIT_STATUS] = CAST(1 AS bit) 
[2022-11-01 16:30:07+00:00] [Information] Executed DbCommand (16ms) [Parameters=[], CommandType='Text', CommandTimeout='0']
SELECT [t].[DEV_ID], [t].[DEV_CODE], [t].[DEV_IP], [t].[DEV_LANE_CHECK], [t].[DEV_MACADDRESS], [t].[DEV_NAME], [t].[DEV_PARTNUMBER], [t].[DEV_PORT], [t].[DEV_SERIALNUMBER], [t].[DEV_STATUS], [t].[DEV_TIME_CHECK], [t].[DEV_TYPE_ID], [t].[ZON_ID]
FROM [T_DEVICE] AS [t]
INNER JOIN [T_DEVICE_TYPE] AS [t0] ON [t].[DEV_TYPE_ID] = [t0].[DEV_TYPE_ID]
WHERE ([t].[DEV_STATUS] = CAST(1 AS bit)) AND ([t0].[DEV_TYPE_CODE] = 'UNV') 
